#
# There is insufficient memory for the Java Runtime Environment to continue.
# Native memory allocation (malloc) failed to allocate 1374656 bytes for Chunk::new
# Possible reasons:
#   The system is out of physical RAM or swap space
#   The process is running with CompressedOops enabled, and the Java Heap may be blocking the growth of the native heap
# Possible solutions:
#   Reduce memory load on the system
#   Increase physical memory or swap space
#   Check if swap backing store is full
#   Decrease Java heap size (-Xmx/-Xms)
#   Decrease number of Java threads
#   Decrease Java thread stack sizes (-Xss)
#   Set larger code cache with -XX:ReservedCodeCacheSize=
#   JVM is running with Unscaled Compressed Oops mode in which the Java heap is
#     placed in the first 4GB address space. The Java Heap base address is the
#     maximum limit for the native heap growth. Please use -XX:HeapBaseMinAddress
#     to set the Java Heap base and to place the Java Heap above 4GB virtual address.
# This output file may be truncated or incomplete.
#
#  Out of Memory Error (allocation.cpp:389), pid=10832, tid=0x0000000000001d6c
#
# JRE version: OpenJDK Runtime Environment (8.0_362-b08) (build 1.8.0_362-b08)
# Java VM: OpenJDK 64-Bit Server VM (25.362-b08 mixed mode windows-amd64 compressed oops)
# Failed to write core dump. Minidumps are not enabled by default on client versions of Windows
#

---------------  T H R E A D  ---------------

Current thread (0x000001f5e06d5800):  JavaThread "C2 CompilerThread1" daemon [_thread_in_native, id=7532, stack(0x000000bd95d00000,0x000000bd95e00000)]

Stack: [0x000000bd95d00000,0x000000bd95e00000]
[error occurred during error reporting (printing stack bounds), id 0xc0000005]

Native frames: (J=compiled Java code, j=interpreted, Vv=VM code, C=native code)


Current CompileTask:
C2:   8255 3169       4       groovy.lang.MetaClassImpl$1MOPIter::methodNameAction (325 bytes)


---------------  P R O C E S S  ---------------

Java Threads: ( => current thread )
  0x000001f5e5e87000 JavaThread "Cache worker for execution history cache (C:\Users\User\.gradle\caches\7.5.1\executionHistory)" [_thread_blocked, id=6136, stack(0x000000bd97900000,0x000000bd97a00000)]
  0x000001f5e5e8a000 JavaThread "Cache worker for cache directory md-supplier (C:\Users\User\.gradle\caches\7.5.1\md-supplier)" [_thread_blocked, id=1680, stack(0x000000bd97800000,0x000000bd97900000)]
  0x000001f5e5e85800 JavaThread "Cache worker for file hash cache (C:\Users\User\IdeaProjects\Banderogus\.gradle\7.5.1\fileHashes)" [_thread_blocked, id=1752, stack(0x000000bd97700000,0x000000bd97800000)]
  0x000001f5e5e86800 JavaThread "Cache worker for file content cache (C:\Users\User\.gradle\caches\7.5.1\fileContent)" [_thread_blocked, id=4400, stack(0x000000bd97600000,0x000000bd97700000)]
  0x000001f5e5e84800 JavaThread "Cache worker for cache directory md-rule (C:\Users\User\.gradle\caches\7.5.1\md-rule)" [_thread_blocked, id=4564, stack(0x000000bd97500000,0x000000bd97600000)]
  0x000001f5e1653800 JavaThread "Cache worker for checksums cache (C:\Users\User\IdeaProjects\Banderogus\.gradle\7.5.1\checksums)" [_thread_blocked, id=10680, stack(0x000000bd97400000,0x000000bd97500000)]
  0x000001f5e1652800 JavaThread "jar transforms Thread 4" [_thread_blocked, id=3984, stack(0x000000bd97300000,0x000000bd97400000)]
  0x000001f5e1657800 JavaThread "jar transforms Thread 3" [_thread_blocked, id=10508, stack(0x000000bd97200000,0x000000bd97300000)]
  0x000001f5e1656800 JavaThread "jar transforms Thread 2" [_thread_blocked, id=9752, stack(0x000000bd97100000,0x000000bd97200000)]
  0x000001f5e1659000 JavaThread "jar transforms" [_thread_blocked, id=10960, stack(0x000000bd97000000,0x000000bd97100000)]
  0x000001f5e1652000 JavaThread "File watcher consumer" daemon [_thread_blocked, id=9556, stack(0x000000bd96f00000,0x000000bd97000000)]
  0x000001f5e1655800 JavaThread "File watcher server" daemon [_thread_in_native, id=5416, stack(0x000000bd96e00000,0x000000bd96f00000)]
  0x000001f5e1658000 JavaThread "Cache worker for file hash cache (C:\Users\User\.gradle\caches\7.5.1\fileHashes)" [_thread_blocked, id=7232, stack(0x000000bd96d00000,0x000000bd96e00000)]
  0x000001f5e1655000 JavaThread "File lock request listener" [_thread_in_native, id=10708, stack(0x000000bd96c00000,0x000000bd96d00000)]
  0x000001f5e1654000 JavaThread "Cache worker for journal cache (C:\Users\User\.gradle\caches\journal-1)" [_thread_blocked, id=9516, stack(0x000000bd96b00000,0x000000bd96c00000)]
  0x000001f5e319b000 JavaThread "Daemon client event forwarder" [_thread_blocked, id=9060, stack(0x000000bd96a00000,0x000000bd96b00000)]
  0x000001f5e319a000 JavaThread "Stdin handler" [_thread_blocked, id=4912, stack(0x000000bd96900000,0x000000bd96a00000)]
  0x000001f5e3199000 JavaThread "Asynchronous log dispatcher for DefaultDaemonConnection: socket connection from /127.0.0.1:62629 to /127.0.0.1:62630" [_thread_blocked, id=10940, stack(0x000000bd96800000,0x000000bd96900000)]
  0x000001f5e3193800 JavaThread "Daemon worker" [_thread_in_vm, id=4088, stack(0x000000bd96700000,0x000000bd96800000)]
  0x000001f5e3191000 JavaThread "Cancel handler" [_thread_blocked, id=7004, stack(0x000000bd96600000,0x000000bd96700000)]
  0x000001f5e2e71800 JavaThread "Handler for socket connection from /127.0.0.1:62629 to /127.0.0.1:62630" [_thread_in_native, id=12016, stack(0x000000bd96500000,0x000000bd96600000)]
  0x000001f5e2e70800 JavaThread "Daemon" [_thread_blocked, id=7864, stack(0x000000bd96400000,0x000000bd96500000)]
  0x000001f5e2881000 JavaThread "Daemon periodic checks" [_thread_blocked, id=11712, stack(0x000000bd96300000,0x000000bd96400000)]
  0x000001f5e2e62000 JavaThread "Incoming local TCP Connector on port 62629" [_thread_in_native, id=11556, stack(0x000000bd96200000,0x000000bd96300000)]
  0x000001f5e306d000 JavaThread "Daemon health stats" [_thread_blocked, id=9648, stack(0x000000bd96100000,0x000000bd96200000)]
  0x000001f5e0760800 JavaThread "Service Thread" daemon [_thread_blocked, id=11432, stack(0x000000bd95f00000,0x000000bd96000000)]
  0x000001f5e06d9000 JavaThread "C1 CompilerThread2" daemon [_thread_blocked, id=1368, stack(0x000000bd95e00000,0x000000bd95f00000)]
=>0x000001f5e06d5800 JavaThread "C2 CompilerThread1" daemon [_thread_in_native, id=7532, stack(0x000000bd95d00000,0x000000bd95e00000)]
  0x000001f5e06dc000 JavaThread "C2 CompilerThread0" daemon [_thread_in_native, id=4260, stack(0x000000bd95c00000,0x000000bd95d00000)]
  0x000001f5e06c6800 JavaThread "Attach Listener" daemon [_thread_blocked, id=1396, stack(0x000000bd95b00000,0x000000bd95c00000)]
  0x000001f5e06cd800 JavaThread "Signal Dispatcher" daemon [_thread_blocked, id=8392, stack(0x000000bd95a00000,0x000000bd95b00000)]
  0x000001f5dff67800 JavaThread "Finalizer" daemon [_thread_blocked, id=2308, stack(0x000000bd95900000,0x000000bd95a00000)]
  0x000001f5e06a6000 JavaThread "Reference Handler" daemon [_thread_blocked, id=9824, stack(0x000000bd95800000,0x000000bd95900000)]
  0x000001f5cd722000 JavaThread "main" [_thread_blocked, id=7020, stack(0x000000bd95200000,0x000000bd95300000)]

Other Threads:
  0x000001f5e0683800 VMThread [stack: 0x000000bd95700000,0x000000bd95800000] [id=884]
  0x000001f5e076a000 WatcherThread [stack: 0x000000bd96000000,0x000000bd96100000] [id=1636]

VM state:not at safepoint (normal execution)

VM Mutex/Monitor currently owned by a thread: None

heap address: 0x00000000e0000000, size: 512 MB, Compressed Oops mode: 32-bit
Narrow klass base: 0x0000000000000000, Narrow klass shift: 3
Compressed class space size: 1073741824 Address: 0x0000000100000000

Heap:
 PSYoungGen      total 160768K, used 92795K [0x00000000f5580000, 0x0000000100000000, 0x0000000100000000)
  eden space 146944K, 63% used [0x00000000f5580000,0x00000000fb01edf0,0x00000000fe500000)
  from space 13824K, 0% used [0x00000000ff280000,0x00000000ff280000,0x0000000100000000)
  to   space 13824K, 0% used [0x00000000fe500000,0x00000000fe500000,0x00000000ff280000)
 ParOldGen       total 175104K, used 14092K [0x00000000e0000000, 0x00000000eab00000, 0x00000000f5580000)
  object space 175104K, 8% used [0x00000000e0000000,0x00000000e0dc3348,0x00000000eab00000)
 Metaspace       used 37960K, capacity 39876K, committed 39936K, reserved 1083392K
  class space    used 5436K, capacity 5846K, committed 5888K, reserved 1048576K

Card table byte_map: [0x000001f5de3a0000,0x000001f5de4b0000] byte_map_base: 0x000001f5ddca0000

Marking Bits: (ParMarkBitMap*) 0x0000000077676830
 Begin Bits: [0x000001f5de560000, 0x000001f5ded60000)
 End Bits:   [0x000001f5ded60000, 0x000001f5df560000)

Polling page: 0x000001f5cd990000

CodeCache: size=245760Kb used=11612Kb max_used=11612Kb free=234147Kb
 bounds [0x000001f5cefe0000, 0x000001f5cfb80000, 0x000001f5ddfe0000]
 total_blobs=3809 nmethods=3087 adapters=631
 compilation: enabled

Compilation events (10 events):
Event: 8.227 Thread 0x000001f5e06d9000 3376       3       org.codehaus.groovy.reflection.CachedClass$8::initValue (127 bytes)
Event: 8.228 Thread 0x000001f5e06d9000 nmethod 3376 0x000001f5cf514ed0 code [0x000001f5cf5151c0, 0x000001f5cf516a40]
Event: 8.228 Thread 0x000001f5e06d9000 3375       3       java.lang.ClassValue$ClassValueMap::placeInCache (28 bytes)
Event: 8.229 Thread 0x000001f5e06d9000 nmethod 3375 0x000001f5cf376c90 code [0x000001f5cf376e60, 0x000001f5cf3777f8]
Event: 8.229 Thread 0x000001f5e06d9000 3371   !   3       java.lang.ClassValue::initializeMap (47 bytes)
Event: 8.229 Thread 0x000001f5e06d9000 nmethod 3371 0x000001f5cf247850 code [0x000001f5cf247a20, 0x000001f5cf247fe0]
Event: 8.229 Thread 0x000001f5e06d9000 3372       3       java.lang.ClassValue$ClassValueMap::sizeCache (51 bytes)
Event: 8.229 Thread 0x000001f5e06d9000 nmethod 3372 0x000001f5cf376810 code [0x000001f5cf3769a0, 0x000001f5cf376bf8]
Event: 8.229 Thread 0x000001f5e06d9000 3377       3       org.codehaus.groovy.reflection.ClassInfo::createCachedClass (514 bytes)
Event: 8.232 Thread 0x000001f5e06d9000 nmethod 3377 0x000001f5cf271310 code [0x000001f5cf2717e0, 0x000001f5cf2741a0]

GC Heap History (10 events):
Event: 4.250 GC heap before
{Heap before GC invocations=4 (full 0):
 PSYoungGen      total 76288K, used 51492K [0x00000000f5580000, 0x00000000fea80000, 0x0000000100000000)
  eden space 65536K, 62% used [0x00000000f5580000,0x00000000f7d4f2a0,0x00000000f9580000)
  from space 10752K, 99% used [0x00000000f9580000,0x00000000f9ff9f28,0x00000000fa000000)
  to   space 10752K, 0% used [0x00000000fe000000,0x00000000fe000000,0x00000000fea80000)
 ParOldGen       total 175104K, used 259K [0x00000000e0000000, 0x00000000eab00000, 0x00000000f5580000)
  object space 175104K, 0% used [0x00000000e0000000,0x00000000e0040e58,0x00000000eab00000)
 Metaspace       used 20547K, capacity 21244K, committed 21296K, reserved 1067008K
  class space    used 3006K, capacity 3190K, committed 3200K, reserved 1048576K
Event: 4.260 GC heap after
Heap after GC invocations=4 (full 0):
 PSYoungGen      total 141824K, used 10031K [0x00000000f5580000, 0x00000000fea80000, 0x0000000100000000)
  eden space 131072K, 0% used [0x00000000f5580000,0x00000000f5580000,0x00000000fd580000)
  from space 10752K, 93% used [0x00000000fe000000,0x00000000fe9cbd60,0x00000000fea80000)
  to   space 10752K, 0% used [0x00000000fd580000,0x00000000fd580000,0x00000000fe000000)
 ParOldGen       total 175104K, used 267K [0x00000000e0000000, 0x00000000eab00000, 0x00000000f5580000)
  object space 175104K, 0% used [0x00000000e0000000,0x00000000e0042e58,0x00000000eab00000)
 Metaspace       used 20547K, capacity 21244K, committed 21296K, reserved 1067008K
  class space    used 3006K, capacity 3190K, committed 3200K, reserved 1048576K
}
Event: 4.260 GC heap before
{Heap before GC invocations=5 (full 1):
 PSYoungGen      total 141824K, used 10031K [0x00000000f5580000, 0x00000000fea80000, 0x0000000100000000)
  eden space 131072K, 0% used [0x00000000f5580000,0x00000000f5580000,0x00000000fd580000)
  from space 10752K, 93% used [0x00000000fe000000,0x00000000fe9cbd60,0x00000000fea80000)
  to   space 10752K, 0% used [0x00000000fd580000,0x00000000fd580000,0x00000000fe000000)
 ParOldGen       total 175104K, used 267K [0x00000000e0000000, 0x00000000eab00000, 0x00000000f5580000)
  object space 175104K, 0% used [0x00000000e0000000,0x00000000e0042e58,0x00000000eab00000)
 Metaspace       used 20547K, capacity 21244K, committed 21296K, reserved 1067008K
  class space    used 3006K, capacity 3190K, committed 3200K, reserved 1048576K
Event: 4.298 GC heap after
Heap after GC invocations=5 (full 1):
 PSYoungGen      total 141824K, used 0K [0x00000000f5580000, 0x00000000fea80000, 0x0000000100000000)
  eden space 131072K, 0% used [0x00000000f5580000,0x00000000f5580000,0x00000000fd580000)
  from space 10752K, 0% used [0x00000000fe000000,0x00000000fe000000,0x00000000fea80000)
  to   space 10752K, 0% used [0x00000000fd580000,0x00000000fd580000,0x00000000fe000000)
 ParOldGen       total 175104K, used 9804K [0x00000000e0000000, 0x00000000eab00000, 0x00000000f5580000)
  object space 175104K, 5% used [0x00000000e0000000,0x00000000e0993020,0x00000000eab00000)
 Metaspace       used 20547K, capacity 21244K, committed 21296K, reserved 1067008K
  class space    used 3006K, capacity 3190K, committed 3200K, reserved 1048576K
}
Event: 5.876 GC heap before
{Heap before GC invocations=6 (full 1):
 PSYoungGen      total 141824K, used 131072K [0x00000000f5580000, 0x00000000fea80000, 0x0000000100000000)
  eden space 131072K, 100% used [0x00000000f5580000,0x00000000fd580000,0x00000000fd580000)
  from space 10752K, 0% used [0x00000000fe000000,0x00000000fe000000,0x00000000fea80000)
  to   space 10752K, 0% used [0x00000000fd580000,0x00000000fd580000,0x00000000fe000000)
 ParOldGen       total 175104K, used 9804K [0x00000000e0000000, 0x00000000eab00000, 0x00000000f5580000)
  object space 175104K, 5% used [0x00000000e0000000,0x00000000e0993020,0x00000000eab00000)
 Metaspace       used 31467K, capacity 33096K, committed 33152K, reserved 1077248K
  class space    used 4620K, capacity 4985K, committed 4992K, reserved 1048576K
Event: 5.898 GC heap after
Heap after GC invocations=6 (full 1):
 PSYoungGen      total 141824K, used 10739K [0x00000000f5580000, 0x0000000100000000, 0x0000000100000000)
  eden space 131072K, 0% used [0x00000000f5580000,0x00000000f5580000,0x00000000fd580000)
  from space 10752K, 99% used [0x00000000fd580000,0x00000000fdffcc28,0x00000000fe000000)
  to   space 13824K, 0% used [0x00000000ff280000,0x00000000ff280000,0x0000000100000000)
 ParOldGen       total 175104K, used 10660K [0x00000000e0000000, 0x00000000eab00000, 0x00000000f5580000)
  object space 175104K, 6% used [0x00000000e0000000,0x00000000e0a69080,0x00000000eab00000)
 Metaspace       used 31467K, capacity 33096K, committed 33152K, reserved 1077248K
  class space    used 4620K, capacity 4985K, committed 4992K, reserved 1048576K
}
Event: 6.604 GC heap before
{Heap before GC invocations=7 (full 1):
 PSYoungGen      total 141824K, used 35359K [0x00000000f5580000, 0x0000000100000000, 0x0000000100000000)
  eden space 131072K, 18% used [0x00000000f5580000,0x00000000f6d8b270,0x00000000fd580000)
  from space 10752K, 99% used [0x00000000fd580000,0x00000000fdffcc28,0x00000000fe000000)
  to   space 13824K, 0% used [0x00000000ff280000,0x00000000ff280000,0x0000000100000000)
 ParOldGen       total 175104K, used 10660K [0x00000000e0000000, 0x00000000eab00000, 0x00000000f5580000)
  object space 175104K, 6% used [0x00000000e0000000,0x00000000e0a69080,0x00000000eab00000)
 Metaspace       used 33631K, capacity 35238K, committed 35456K, reserved 1079296K
  class space    used 4817K, capacity 5162K, committed 5248K, reserved 1048576K
Event: 6.617 GC heap after
Heap after GC invocations=7 (full 1):
 PSYoungGen      total 160768K, used 6570K [0x00000000f5580000, 0x0000000100000000, 0x0000000100000000)
  eden space 146944K, 0% used [0x00000000f5580000,0x00000000f5580000,0x00000000fe500000)
  from space 13824K, 47% used [0x00000000ff280000,0x00000000ff8eab50,0x0000000100000000)
  to   space 13824K, 0% used [0x00000000fe500000,0x00000000fe500000,0x00000000ff280000)
 ParOldGen       total 175104K, used 10668K [0x00000000e0000000, 0x00000000eab00000, 0x00000000f5580000)
  object space 175104K, 6% used [0x00000000e0000000,0x00000000e0a6b080,0x00000000eab00000)
 Metaspace       used 33631K, capacity 35238K, committed 35456K, reserved 1079296K
  class space    used 4817K, capacity 5162K, committed 5248K, reserved 1048576K
}
Event: 6.617 GC heap before
{Heap before GC invocations=8 (full 2):
 PSYoungGen      total 160768K, used 6570K [0x00000000f5580000, 0x0000000100000000, 0x0000000100000000)
  eden space 146944K, 0% used [0x00000000f5580000,0x00000000f5580000,0x00000000fe500000)
  from space 13824K, 47% used [0x00000000ff280000,0x00000000ff8eab50,0x0000000100000000)
  to   space 13824K, 0% used [0x00000000fe500000,0x00000000fe500000,0x00000000ff280000)
 ParOldGen       total 175104K, used 10668K [0x00000000e0000000, 0x00000000eab00000, 0x00000000f5580000)
  object space 175104K, 6% used [0x00000000e0000000,0x00000000e0a6b080,0x00000000eab00000)
 Metaspace       used 33631K, capacity 35238K, committed 35456K, reserved 1079296K
  class space    used 4817K, capacity 5162K, committed 5248K, reserved 1048576K
Event: 6.683 GC heap after
Heap after GC invocations=8 (full 2):
 PSYoungGen      total 160768K, used 0K [0x00000000f5580000, 0x0000000100000000, 0x0000000100000000)
  eden space 146944K, 0% used [0x00000000f5580000,0x00000000f5580000,0x00000000fe500000)
  from space 13824K, 0% used [0x00000000ff280000,0x00000000ff280000,0x0000000100000000)
  to   space 13824K, 0% used [0x00000000fe500000,0x00000000fe500000,0x00000000ff280000)
 ParOldGen       total 175104K, used 14092K [0x00000000e0000000, 0x00000000eab00000, 0x00000000f5580000)
  object space 175104K, 8% used [0x00000000e0000000,0x00000000e0dc3348,0x00000000eab00000)
 Metaspace       used 33631K, capacity 35238K, committed 35456K, reserved 1079296K
  class space    used 4817K, capacity 5162K, committed 5248K, reserved 1048576K
}

Deoptimization events (10 events):
Event: 5.900 Thread 0x000001f5e06a6000 Uncommon trap: reason=unstable_if action=reinterpret pc=0x000001f5cf6be610 method=java.lang.ref.Reference.tryHandlePending(Z)Z @ 104
Event: 6.006 Thread 0x000001f5e3193800 Uncommon trap: reason=unstable_if action=reinterpret pc=0x000001f5cf4345f8 method=sun.misc.URLClassPath$JarLoader.getResource(Ljava/lang/String;ZLjava/util/Set;)Lsun/misc/Resource; @ 17
Event: 6.105 Thread 0x000001f5e3193800 Uncommon trap: reason=unstable_if action=reinterpret pc=0x000001f5cf8ea99c method=sun.reflect.misc.ReflectUtil.isNonPublicProxyClass(Ljava/lang/Class;)Z @ 14
Event: 6.779 Thread 0x000001f5e1657800 Uncommon trap: reason=unstable_if action=reinterpret pc=0x000001f5cf4701f8 method=java.lang.String.regionMatches(ZILjava/lang/String;II)Z @ 123
Event: 6.779 Thread 0x000001f5e1657800 Uncommon trap: reason=unstable_if action=reinterpret pc=0x000001f5cf543dcc method=java.lang.String.regionMatches(ZILjava/lang/String;II)Z @ 123
Event: 7.143 Thread 0x000001f5e3193800 Uncommon trap: reason=bimorphic action=maybe_recompile pc=0x000001f5cf9426e8 method=java.util.AbstractCollection.addAll(Ljava/util/Collection;)Z @ 29
Event: 7.731 Thread 0x000001f5e3193800 Uncommon trap: reason=bimorphic action=maybe_recompile pc=0x000001f5cf9426e8 method=java.util.AbstractCollection.addAll(Ljava/util/Collection;)Z @ 29
Event: 7.798 Thread 0x000001f5e3193800 Uncommon trap: reason=unstable_if action=reinterpret pc=0x000001f5cf77650c method=java.lang.String.regionMatches(ZILjava/lang/String;II)Z @ 123
Event: 8.090 Thread 0x000001f5e3193800 Uncommon trap: reason=class_check action=maybe_recompile pc=0x000001f5cf97fca4 method=org.codehaus.groovy.reflection.ParameterTypes.getParametersTypes0()V @ 16
Event: 8.133 Thread 0x000001f5e3193800 Uncommon trap: reason=predicate action=maybe_recompile pc=0x000001f5cf191710 method=java.util.Arrays.binarySearch0([Ljava/lang/Object;IILjava/lang/Object;Ljava/util/Comparator;)I @ 28

Classes redefined (0 events):
No events

Internal exceptions (10 events):
Event: 8.182 Thread 0x000001f5e3193800 Exception <a 'java/lang/ClassNotFoundException': org/jetbrains/plugins/gradle/tooling/builder/ExternalProjectBuilderImpl$1BeanInfo> (0x00000000fa9ca938) thrown at [C:\wsjdk\Corretto8Src\installers\windows\zip\corretto-build\buildRoot\hotspot\src\share\vm\
Event: 8.182 Thread 0x000001f5e3193800 Exception <a 'java/lang/ClassNotFoundException': org/jetbrains/plugins/gradle/tooling/builder/ExternalProjectBuilderImpl$1Customizer> (0x00000000fa9d6910) thrown at [C:\wsjdk\Corretto8Src\installers\windows\zip\corretto-build\buildRoot\hotspot\src\share\v
Event: 8.188 Thread 0x000001f5e3193800 Exception <a 'java/lang/ClassNotFoundException': org/jetbrains/plugins/gradle/tooling/builder/ExternalProjectBuilderImplBeanInfo> (0x00000000faa53988) thrown at [C:\wsjdk\Corretto8Src\installers\windows\zip\corretto-build\buildRoot\hotspot\src\share\vm\cl
Event: 8.188 Thread 0x000001f5e3193800 Exception <a 'java/lang/ClassNotFoundException': org/jetbrains/plugins/gradle/tooling/builder/ExternalProjectBuilderImplCustomizer> (0x00000000faa5f788) thrown at [C:\wsjdk\Corretto8Src\installers\windows\zip\corretto-build\buildRoot\hotspot\src\share\vm\
Event: 8.203 Thread 0x000001f5e3193800 Exception <a 'java/lang/ClassNotFoundException': org/jetbrains/plugins/gradle/tooling/tasks/DependenciesReport$ReportGeneratorBeanInfo> (0x00000000fab3e270) thrown at [C:\wsjdk\Corretto8Src\installers\windows\zip\corretto-build\buildRoot\hotspot\src\share
Event: 8.204 Thread 0x000001f5e3193800 Exception <a 'java/lang/ClassNotFoundException': org/jetbrains/plugins/gradle/tooling/tasks/DependenciesReport$ReportGeneratorCustomizer> (0x00000000fab4a458) thrown at [C:\wsjdk\Corretto8Src\installers\windows\zip\corretto-build\buildRoot\hotspot\src\sha
Event: 8.207 Thread 0x000001f5e3193800 Exception <a 'java/lang/ClassNotFoundException': org/jetbrains/plugins/gradle/tooling/builder/DependencyGraphModelBuilderImplBeanInfo> (0x00000000fab975d8) thrown at [C:\wsjdk\Corretto8Src\installers\windows\zip\corretto-build\buildRoot\hotspot\src\share\
Event: 8.207 Thread 0x000001f5e3193800 Exception <a 'java/lang/ClassNotFoundException': org/jetbrains/plugins/gradle/tooling/builder/DependencyGraphModelBuilderImplCustomizer> (0x00000000faba3768) thrown at [C:\wsjdk\Corretto8Src\installers\windows\zip\corretto-build\buildRoot\hotspot\src\shar
Event: 8.223 Thread 0x000001f5e3193800 Exception <a 'java/lang/ClassNotFoundException': org/jetbrains/plugins/gradle/tooling/builder/ExternalTestsModelBuilderImplBeanInfo> (0x00000000fac8c548) thrown at [C:\wsjdk\Corretto8Src\installers\windows\zip\corretto-build\buildRoot\hotspot\src\share\vm
Event: 8.223 Thread 0x000001f5e3193800 Exception <a 'java/lang/ClassNotFoundException': org/jetbrains/plugins/gradle/tooling/builder/ExternalTestsModelBuilderImplCustomizer> (0x00000000fac98538) thrown at [C:\wsjdk\Corretto8Src\installers\windows\zip\corretto-build\buildRoot\hotspot\src\share\

Events (10 events):
Event: 8.250 loading class org/gradle/api/specs/AndSpec
Event: 8.250 loading class org/gradle/api/specs/AndSpec done
Event: 8.250 loading class org/gradle/api/specs/CompositeSpec
Event: 8.250 loading class org/gradle/api/specs/CompositeSpec done
Event: 8.251 loading class org/gradle/api/internal/AbstractTask$TaskInfo
Event: 8.251 loading class org/gradle/api/internal/AbstractTask$TaskInfo done
Event: 8.253 loading class org/jetbrains/plugins/gradle/tooling/builder/ProjectExtensionsDataBuilderImpl
Event: 8.253 loading class org/jetbrains/plugins/gradle/tooling/builder/ProjectExtensionsDataBuilderImpl done
Event: 8.254 loading class org/jetbrains/plugins/gradle/tooling/builder/ProjectExtensionsDataBuilderImpl$_buildAll_closure1
Event: 8.254 loading class org/jetbrains/plugins/gradle/tooling/builder/ProjectExtensionsDataBuilderImpl$_buildAll_closure1 done


Dynamic libraries:
0x00007ff67d950000 - 0x00007ff67d98a000 	C:\Users\User\.jdks\corretto-1.8.0_362\bin\java.exe
0x00007ffc4cc70000 - 0x00007ffc4ce66000 	C:\Windows\SYSTEM32\ntdll.dll
0x00007ffc34ec0000 - 0x00007ffc34ed9000 	C:\Program Files\Avast Software\Avast\aswhook.dll
0x00007ffc4b9a0000 - 0x00007ffc4ba5d000 	C:\Windows\System32\KERNEL32.DLL
0x00007ffc4a590000 - 0x00007ffc4a859000 	C:\Windows\System32\KERNELBASE.dll
0x00007ffc4cb80000 - 0x00007ffc4cc2c000 	C:\Windows\System32\ADVAPI32.dll
0x00007ffc4b150000 - 0x00007ffc4b1ee000 	C:\Windows\System32\msvcrt.dll
0x00007ffc4ae00000 - 0x00007ffc4ae9c000 	C:\Windows\System32\sechost.dll
0x00007ffc4b250000 - 0x00007ffc4b37b000 	C:\Windows\System32\RPCRT4.dll
0x00007ffc4af00000 - 0x00007ffc4b0a0000 	C:\Windows\System32\USER32.dll
0x00007ffc4aba0000 - 0x00007ffc4abc2000 	C:\Windows\System32\win32u.dll
0x00007ffc4bce0000 - 0x00007ffc4bd0a000 	C:\Windows\System32\GDI32.dll
0x00007ffc4a860000 - 0x00007ffc4a96b000 	C:\Windows\System32\gdi32full.dll
0x00007ffc4a9f0000 - 0x00007ffc4aa8d000 	C:\Windows\System32\msvcp_win.dll
0x00007ffc4abd0000 - 0x00007ffc4acd0000 	C:\Windows\System32\ucrtbase.dll
0x00007ffc354c0000 - 0x00007ffc3575b000 	C:\Windows\WinSxS\amd64_microsoft.windows.common-controls_6595b64144ccf1df_6.0.19041.746_none_ca02b4b61b8320a4\COMCTL32.dll
0x00007ffc4c1f0000 - 0x00007ffc4c220000 	C:\Windows\System32\IMM32.DLL
0x00007ffc0e6a0000 - 0x00007ffc0e78f000 	C:\Users\User\.jdks\corretto-1.8.0_362\jre\bin\msvcr120.dll
0x00007ffc102a0000 - 0x00007ffc10346000 	C:\Users\User\.jdks\corretto-1.8.0_362\jre\bin\msvcp120.dll
0x0000000076e80000 - 0x00000000776f5000 	C:\Users\User\.jdks\corretto-1.8.0_362\jre\bin\server\jvm.dll
0x00007ffc4cb60000 - 0x00007ffc4cb68000 	C:\Windows\System32\PSAPI.DLL
0x00007ffc2eb50000 - 0x00007ffc2eb59000 	C:\Windows\SYSTEM32\WSOCK32.dll
0x00007ffc4ca40000 - 0x00007ffc4caab000 	C:\Windows\System32\WS2_32.dll
0x00007ffc328a0000 - 0x00007ffc328c7000 	C:\Windows\SYSTEM32\WINMM.dll
0x00007ffc3a4e0000 - 0x00007ffc3a4ea000 	C:\Windows\SYSTEM32\VERSION.dll
0x00007ffc38420000 - 0x00007ffc3842f000 	C:\Users\User\.jdks\corretto-1.8.0_362\jre\bin\verify.dll
0x00007ffc27ff0000 - 0x00007ffc28019000 	C:\Users\User\.jdks\corretto-1.8.0_362\jre\bin\java.dll
0x00007ffc35a50000 - 0x00007ffc35a66000 	C:\Users\User\.jdks\corretto-1.8.0_362\jre\bin\zip.dll
0x00007ffc4c220000 - 0x00007ffc4c963000 	C:\Windows\System32\SHELL32.dll
0x00007ffc48180000 - 0x00007ffc4890f000 	C:\Windows\SYSTEM32\windows.storage.dll
0x00007ffc4be30000 - 0x00007ffc4c186000 	C:\Windows\System32\combase.dll
0x00007ffc49e10000 - 0x00007ffc49e3c000 	C:\Windows\SYSTEM32\Wldp.dll
0x00007ffc4bc20000 - 0x00007ffc4bcce000 	C:\Windows\System32\SHCORE.dll
0x00007ffc4c190000 - 0x00007ffc4c1e5000 	C:\Windows\System32\shlwapi.dll
0x00007ffc4a2e0000 - 0x00007ffc4a306000 	C:\Windows\SYSTEM32\profapi.dll
0x00007ffc34e80000 - 0x00007ffc34e9a000 	C:\Users\User\.jdks\corretto-1.8.0_362\jre\bin\net.dll
0x00007ffc49b90000 - 0x00007ffc49bfa000 	C:\Windows\system32\mswsock.dll
0x00007ffc34c20000 - 0x00007ffc34c32000 	C:\Users\User\.jdks\corretto-1.8.0_362\jre\bin\nio.dll
0x00007ffc2eab0000 - 0x00007ffc2ead7000 	C:\Users\User\.gradle\native\e1d6ef7f7dcc3fd88c89a11ec53ec762bb8ba0a96d01ffa2cd45eb1d1d8dd5c5\windows-amd64\native-platform.dll
0x00007ffc0e550000 - 0x00007ffc0e694000 	C:\Users\User\.gradle\native\0d407fdbe67a94daf76414ababcb853783967236a71b16ec16e742cd7a986fd3\windows-amd64\native-platform-file-events.dll
0x00007ffc38410000 - 0x00007ffc3841d000 	C:\Users\User\.jdks\corretto-1.8.0_362\jre\bin\management.dll
0x00007ffc49d60000 - 0x00007ffc49d78000 	C:\Windows\SYSTEM32\CRYPTSP.dll
0x00007ffc494c0000 - 0x00007ffc494f4000 	C:\Windows\system32\rsaenh.dll
0x00007ffc4a560000 - 0x00007ffc4a587000 	C:\Windows\System32\bcrypt.dll
0x00007ffc4a260000 - 0x00007ffc4a28e000 	C:\Windows\SYSTEM32\USERENV.dll
0x00007ffc4a970000 - 0x00007ffc4a9f0000 	C:\Windows\System32\bcryptprimitives.dll
0x00007ffc49d80000 - 0x00007ffc49d8c000 	C:\Windows\SYSTEM32\CRYPTBASE.dll
0x00007ffc49830000 - 0x00007ffc4986b000 	C:\Windows\SYSTEM32\IPHLPAPI.DLL
0x00007ffc4cb70000 - 0x00007ffc4cb78000 	C:\Windows\System32\NSI.dll
0x00007ffc3a460000 - 0x00007ffc3a477000 	C:\Windows\SYSTEM32\dhcpcsvc6.DLL
0x00007ffc3ace0000 - 0x00007ffc3acfd000 	C:\Windows\SYSTEM32\dhcpcsvc.DLL
0x00007ffc49870000 - 0x00007ffc4993b000 	C:\Windows\SYSTEM32\DNSAPI.dll

VM Arguments:
jvm_args: -XX:MaxMetaspaceSize=256m -XX:+HeapDumpOnOutOfMemoryError -Xms256m -Xmx512m -Dfile.encoding=windows-1251 -Duser.country=RU -Duser.language=ru -Duser.variant 
java_command: org.gradle.launcher.daemon.bootstrap.GradleDaemon 7.5.1
java_class_path (initial): C:\Users\User\.gradle\wrapper\dists\gradle-7.5.1-bin\7jzzequgds1hbszbhq3npc5ng\gradle-7.5.1\lib\gradle-launcher-7.5.1.jar
Launcher Type: SUN_STANDARD

Environment Variables:
JAVA_HOME=C:\Program Files\Eclipse Adoptium\jdk-11.0.21.9-hotspot\
PATH=C:\Program Files\Eclipse Adoptium\jdk-11.0.21.9-hotspot\bin;C:\Windows\system32;C:\Windows;C:\Windows\System32\Wbem;C:\Windows\System32\WindowsPowerShell\v1.0\;C:\Windows\System32\OpenSSH\;C:\Program Files (x86)\NVIDIA Corporation\PhysX\Common;C:\Program Files\Git\cmd;C:\Program Files\nodejs\;C:\Users\User\AppData\Local\Microsoft\WindowsApps;;C:\Program Files\JetBrains\IntelliJ IDEA Community Edition 2022.3.1\bin;;C:\Users\User\AppData\Local\Programs\Microsoft VS Code\bin;C:\Users\User\AppData\Roaming\npm
USERNAME=User
OS=Windows_NT
PROCESSOR_IDENTIFIER=Intel64 Family 6 Model 140 Stepping 1, GenuineIntel



---------------  S Y S T E M  ---------------

OS: Windows 10 , 64 bit Build 19041 (10.0.19041.662)

CPU:total 4 (initial active 4) (2 cores per cpu, 2 threads per core) family 6 model 140 stepping 1, cmov, cx8, fxsr, mmx, sse, sse2, sse3, ssse3, sse4.1, sse4.2, popcnt, avx, avx2, aes, clmul, erms, 3dnowpref, lzcnt, ht, tsc, tscinvbit, bmi1, bmi2, adx

Memory: 4k page, physical 8183096k(454352k free), swap 18342368k(5660k free)

vm_info: OpenJDK 64-Bit Server VM (25.362-b08) for windows-amd64 JRE (1.8.0_362-b08), built on Jan 13 2023 13:30:12 by "Administrator" with MS VC++ 12.0 (VS2013)

time: Mon Nov 13 19:17:49 2023
timezone: Финляндия (зима)
elapsed time: 8.264308 seconds (0d 0h 0m 8s)

