#
# There is insufficient memory for the Java Runtime Environment to continue.
# Native memory allocation (malloc) failed to allocate 2647584 bytes for Chunk::new
# Possible reasons:
#   The system is out of physical RAM or swap space
#   The process is running with CompressedOops enabled, and the Java Heap may be blocking the growth of the native heap
# Possible solutions:
#   Reduce memory load on the system
#   Increase physical memory or swap space
#   Check if swap backing store is full
#   Decrease Java heap size (-Xmx/-Xms)
#   Decrease number of Java threads
#   Decrease Java thread stack sizes (-Xss)
#   Set larger code cache with -XX:ReservedCodeCacheSize=
#   JVM is running with Unscaled Compressed Oops mode in which the Java heap is
#     placed in the first 4GB address space. The Java Heap base address is the
#     maximum limit for the native heap growth. Please use -XX:HeapBaseMinAddress
#     to set the Java Heap base and to place the Java Heap above 4GB virtual address.
# This output file may be truncated or incomplete.
#
#  Out of Memory Error (arena.cpp:184), pid=736, tid=12256
#
# JRE version: OpenJDK Runtime Environment (19.0.1+10) (build 19.0.1+10-21)
# Java VM: OpenJDK 64-Bit Server VM (19.0.1+10-21, mixed mode, sharing, tiered, compressed oops, compressed class ptrs, g1 gc, windows-amd64)
# No core dump will be written. Minidumps are not enabled by default on client versions of Windows
#

---------------  S U M M A R Y ------------

Command Line: --add-opens=java.base/java.util=ALL-UNNAMED --add-opens=java.base/java.lang=ALL-UNNAMED --add-opens=java.base/java.lang.invoke=ALL-UNNAMED --add-opens=java.base/java.util=ALL-UNNAMED --add-opens=java.prefs/java.util.prefs=ALL-UNNAMED --add-opens=java.prefs/java.util.prefs=ALL-UNNAMED --add-opens=java.base/java.nio.charset=ALL-UNNAMED --add-opens=java.base/java.net=ALL-UNNAMED --add-opens=java.base/java.util.concurrent.atomic=ALL-UNNAMED -XX:MaxMetaspaceSize=256m -XX:+HeapDumpOnOutOfMemoryError -Xms256m -Xmx512m -Dfile.encoding=windows-1251 -Duser.country=RU -Duser.language=ru -Duser.variant org.gradle.launcher.daemon.bootstrap.GradleDaemon 7.5.1

Host: 11th Gen Intel(R) Core(TM) i3-1115G4 @ 3.00GHz, 4 cores, 7G,  Windows 10 , 64 bit Build 19041 (10.0.19041.662)
Time: Mon Nov 13 19:02:09 2023  Windows 10 , 64 bit Build 19041 (10.0.19041.662) elapsed time: 27.758027 seconds (0d 0h 0m 27s)

---------------  T H R E A D  ---------------

Current thread (0x0000024b47352180):  JavaThread "C2 CompilerThread1" daemon [_thread_in_native, id=12256, stack(0x000000b189800000,0x000000b189900000)]


Current CompileTask:
C2:  27758 5160       4       org.objectweb.asm.ClassReader::accept (1412 bytes)

Stack: [0x000000b189800000,0x000000b189900000]
Native frames: (J=compiled Java code, j=interpreted, Vv=VM code, C=native code)
V  [jvm.dll+0x6ee8fa]
V  [jvm.dll+0x857a1e]
V  [jvm.dll+0x85940e]
V  [jvm.dll+0x859ac3]
V  [jvm.dll+0x28291f]
V  [jvm.dll+0xc9b5f]
V  [jvm.dll+0xc9ee5]
V  [jvm.dll+0x3bcbac]
V  [jvm.dll+0x1ee12a]
V  [jvm.dll+0x24c41b]
V  [jvm.dll+0x24b671]
V  [jvm.dll+0x1d6d61]
V  [jvm.dll+0x25b0fa]
V  [jvm.dll+0x259588]
V  [jvm.dll+0x807928]
V  [jvm.dll+0x8015fa]
V  [jvm.dll+0x6ed5eb]
C  [ucrtbase.dll+0x214c2]
C  [KERNEL32.DLL+0x17034]
C  [ntdll.dll+0x4d0d1]


---------------  P R O C E S S  ---------------

Threads class SMR info:
_java_thread_list=0x0000024b46a68930, length=38, elements={
0x0000024b245a1c90, 0x0000024b40c05060, 0x0000024b40c05ef0, 0x0000024b40c0a6d0,
0x0000024b40c0d100, 0x0000024b40c114c0, 0x0000024b40c0ecd0, 0x0000024b40c14d70,
0x0000024b40c37f00, 0x0000024b40c3a520, 0x0000024b45136930, 0x0000024b45138040,
0x0000024b45cfd9f0, 0x0000024b45d5cb60, 0x0000024b467023d0, 0x0000024b467318f0,
0x0000024b466f59f0, 0x0000024b452b0080, 0x0000024b465f4f50, 0x0000024b46500ee0,
0x0000024b46501430, 0x0000024b46502ec0, 0x0000024b46500990, 0x0000024b46502420,
0x0000024b46502970, 0x0000024b46501ed0, 0x0000024b46503960, 0x0000024b46503eb0,
0x0000024b46501980, 0x0000024b46f21640, 0x0000024b46f23620, 0x0000024b47352180,
0x0000024b46f210f0, 0x0000024b46f24b60, 0x0000024b46f21b90, 0x0000024b46f24610,
0x0000024b46f23b70, 0x0000024b46f220e0
}

Java Threads: ( => current thread )
  0x0000024b245a1c90 JavaThread "main" [_thread_blocked, id=1972, stack(0x000000b188200000,0x000000b188300000)]
  0x0000024b40c05060 JavaThread "Reference Handler" daemon [_thread_blocked, id=3856, stack(0x000000b188900000,0x000000b188a00000)]
  0x0000024b40c05ef0 JavaThread "Finalizer" daemon [_thread_blocked, id=6388, stack(0x000000b188a00000,0x000000b188b00000)]
  0x0000024b40c0a6d0 JavaThread "Signal Dispatcher" daemon [_thread_blocked, id=360, stack(0x000000b188b00000,0x000000b188c00000)]
  0x0000024b40c0d100 JavaThread "Attach Listener" daemon [_thread_blocked, id=2284, stack(0x000000b188c00000,0x000000b188d00000)]
  0x0000024b40c114c0 JavaThread "Service Thread" daemon [_thread_blocked, id=9524, stack(0x000000b188d00000,0x000000b188e00000)]
  0x0000024b40c0ecd0 JavaThread "Monitor Deflation Thread" daemon [_thread_blocked, id=2436, stack(0x000000b188e00000,0x000000b188f00000)]
  0x0000024b40c14d70 JavaThread "C2 CompilerThread0" daemon [_thread_in_native, id=2016, stack(0x000000b188f00000,0x000000b189000000)]
  0x0000024b40c37f00 JavaThread "C1 CompilerThread0" daemon [_thread_blocked, id=10392, stack(0x000000b189000000,0x000000b189100000)]
  0x0000024b40c3a520 JavaThread "Sweeper thread" daemon [_thread_blocked, id=7840, stack(0x000000b189100000,0x000000b189200000)]
  0x0000024b45136930 JavaThread "Common-Cleaner" daemon [_thread_blocked, id=10344, stack(0x000000b189200000,0x000000b189300000)]
  0x0000024b45138040 JavaThread "Notification Thread" daemon [_thread_blocked, id=9872, stack(0x000000b189300000,0x000000b189400000)]
  0x0000024b45cfd9f0 JavaThread "Daemon health stats" [_thread_blocked, id=11772, stack(0x000000b189900000,0x000000b189a00000)]
  0x0000024b45d5cb60 JavaThread "Incoming local TCP Connector on port 62290" [_thread_in_native, id=12056, stack(0x000000b189a00000,0x000000b189b00000)]
  0x0000024b467023d0 JavaThread "Daemon periodic checks" [_thread_blocked, id=10996, stack(0x000000b189b00000,0x000000b189c00000)]
  0x0000024b467318f0 JavaThread "Daemon" [_thread_blocked, id=11520, stack(0x000000b189c00000,0x000000b189d00000)]
  0x0000024b466f59f0 JavaThread "Handler for socket connection from /127.0.0.1:62290 to /127.0.0.1:62291" [_thread_in_native, id=7428, stack(0x000000b189d00000,0x000000b189e00000)]
  0x0000024b452b0080 JavaThread "Cancel handler" [_thread_blocked, id=664, stack(0x000000b189e00000,0x000000b189f00000)]
  0x0000024b465f4f50 JavaThread "Daemon worker" [_thread_blocked, id=10588, stack(0x000000b189f00000,0x000000b18a000000)]
  0x0000024b46500ee0 JavaThread "Asynchronous log dispatcher for DefaultDaemonConnection: socket connection from /127.0.0.1:62290 to /127.0.0.1:62291" [_thread_blocked, id=10976, stack(0x000000b18a000000,0x000000b18a100000)]
  0x0000024b46501430 JavaThread "Stdin handler" [_thread_blocked, id=248, stack(0x000000b18a100000,0x000000b18a200000)]
  0x0000024b46502ec0 JavaThread "Daemon client event forwarder" [_thread_blocked, id=2408, stack(0x000000b18a200000,0x000000b18a300000)]
  0x0000024b46500990 JavaThread "Cache worker for journal cache (C:\Users\User\.gradle\caches\journal-1)" [_thread_blocked, id=3104, stack(0x000000b18a300000,0x000000b18a400000)]
  0x0000024b46502420 JavaThread "File lock request listener" [_thread_in_native, id=4180, stack(0x000000b18a400000,0x000000b18a500000)]
  0x0000024b46502970 JavaThread "Cache worker for file hash cache (C:\Users\User\.gradle\caches\7.5.1\fileHashes)" [_thread_blocked, id=4048, stack(0x000000b18a500000,0x000000b18a600000)]
  0x0000024b46501ed0 JavaThread "File watcher server" daemon [_thread_in_native, id=1172, stack(0x000000b18a600000,0x000000b18a700000)]
  0x0000024b46503960 JavaThread "File watcher consumer" daemon [_thread_blocked, id=11196, stack(0x000000b18a700000,0x000000b18a800000)]
  0x0000024b46503eb0 JavaThread "jar transforms" [_thread_blocked, id=10148, stack(0x000000b18a800000,0x000000b18a900000)]
  0x0000024b46501980 JavaThread "jar transforms Thread 2" [_thread_in_Java, id=2748, stack(0x000000b18a900000,0x000000b18aa00000)]
  0x0000024b46f21640 JavaThread "jar transforms Thread 3" [_thread_blocked, id=1192, stack(0x000000b18aa00000,0x000000b18ab00000)]
  0x0000024b46f23620 JavaThread "jar transforms Thread 4" [_thread_blocked, id=104, stack(0x000000b18ab00000,0x000000b18ac00000)]
=>0x0000024b47352180 JavaThread "C2 CompilerThread1" daemon [_thread_in_native, id=12256, stack(0x000000b189800000,0x000000b189900000)]
  0x0000024b46f210f0 JavaThread "Cache worker for checksums cache (C:\Users\User\IdeaProjects\Banderogus\.gradle\7.5.1\checksums)" [_thread_blocked, id=4024, stack(0x000000b18ac00000,0x000000b18ad00000)]
  0x0000024b46f24b60 JavaThread "Cache worker for cache directory md-rule (C:\Users\User\.gradle\caches\7.5.1\md-rule)" [_thread_blocked, id=4384, stack(0x000000b18ad00000,0x000000b18ae00000)]
  0x0000024b46f21b90 JavaThread "Cache worker for file content cache (C:\Users\User\.gradle\caches\7.5.1\fileContent)" [_thread_blocked, id=9028, stack(0x000000b18ae00000,0x000000b18af00000)]
  0x0000024b46f24610 JavaThread "Cache worker for file hash cache (C:\Users\User\IdeaProjects\Banderogus\.gradle\7.5.1\fileHashes)" [_thread_blocked, id=5284, stack(0x000000b18af00000,0x000000b18b000000)]
  0x0000024b46f23b70 JavaThread "Cache worker for cache directory md-supplier (C:\Users\User\.gradle\caches\7.5.1\md-supplier)" [_thread_blocked, id=8972, stack(0x000000b18b000000,0x000000b18b100000)]
  0x0000024b46f220e0 JavaThread "Cache worker for execution history cache (C:\Users\User\.gradle\caches\7.5.1\executionHistory)" [_thread_blocked, id=11348, stack(0x000000b18b100000,0x000000b18b200000)]

Other Threads:
  0x0000024b40be85e0 VMThread "VM Thread" [stack: 0x000000b188800000,0x000000b188900000] [id=6980]
  0x0000024b45138580 WatcherThread "VM Periodic Task Thread" [stack: 0x000000b189400000,0x000000b189500000] [id=6548]
  0x0000024b245d2fc0 WorkerThread "GC Thread#0" [stack: 0x000000b188300000,0x000000b188400000] [id=7388]
  0x0000024b4516b2c0 WorkerThread "GC Thread#1" [stack: 0x000000b189500000,0x000000b189600000] [id=3808]
  0x0000024b45335e70 WorkerThread "GC Thread#2" [stack: 0x000000b189600000,0x000000b189700000] [id=7748]
  0x0000024b45336140 WorkerThread "GC Thread#3" [stack: 0x000000b189700000,0x000000b189800000] [id=10600]
  0x0000024b245d8030 ConcurrentGCThread "G1 Main Marker" [stack: 0x000000b188400000,0x000000b188500000] [id=6416]
  0x0000024b245d90a0 WorkerThread "G1 Conc#0" [stack: 0x000000b188500000,0x000000b188600000] [id=11564]
  0x0000024b40aa8150 ConcurrentGCThread "G1 Refine#0" [stack: 0x000000b188600000,0x000000b188700000] [id=11404]
  0x0000024b40aa8940 ConcurrentGCThread "G1 Service" [stack: 0x000000b188700000,0x000000b188800000] [id=8196]

Threads with active compile tasks:
C2 CompilerThread0    27796 5172 %     4       org.objectweb.asm.ClassReader::readCode @ 92 (5109 bytes)
C2 CompilerThread1    27796 5160       4       org.objectweb.asm.ClassReader::accept (1412 bytes)

VM state: not at safepoint (normal execution)

VM Mutex/Monitor currently owned by a thread: None

Heap address: 0x00000000e0000000, size: 512 MB, Compressed Oops mode: 32-bit

CDS archive(s) mapped at: [0x0000000800000000-0x0000000800c30000-0x0000000800c30000), size 12779520, SharedBaseAddress: 0x0000000800000000, ArchiveRelocationMode: 0.
Compressed class space mapped at: 0x0000000801000000-0x000000080e000000, reserved size: 218103808
Narrow klass base: 0x0000000800000000, Narrow klass shift: 0, Narrow klass range: 0x100000000

GC Precious Log:
 CardTable entry size: 512
 Card Set container configuration: InlinePtr #cards 5 size 8 Array Of Cards #cards 12 size 40 Howl #buckets 4 coarsen threshold 1843 Howl Bitmap #cards 512 size 80 coarsen threshold 460 Card regions per heap region 1 cards per card region 2048
 CPUs: 4 total, 4 available
 Memory: 7991M
 Large Page Support: Disabled
 NUMA Support: Disabled
 Compressed Oops: Enabled (32-bit)
 Heap Region Size: 1M
 Heap Min Capacity: 256M
 Heap Initial Capacity: 256M
 Heap Max Capacity: 512M
 Pre-touch: Disabled
 Parallel Workers: 4
 Concurrent Workers: 1
 Concurrent Refinement Workers: 4
 Periodic GC: Disabled

Heap:
 garbage-first heap   total 262144K, used 111049K [0x00000000e0000000, 0x0000000100000000)
  region size 1024K, 48 young (49152K), 6 survivors (6144K)
 Metaspace       used 38311K, committed 39552K, reserved 278528K
  class space    used 5242K, committed 5888K, reserved 212992K

Heap Regions: E=young(eden), S=young(survivor), O=old, HS=humongous(starts), HC=humongous(continues), CS=collection set, F=free, OA=open archive, CA=closed archive, TAMS=top-at-mark-start (previous, next)
|   0|0x00000000e0000000, 0x00000000e0100000, 0x00000000e0100000|100%|HS|  |TAMS 0x00000000e0100000, 0x00000000e0000000| Complete 
|   1|0x00000000e0100000, 0x00000000e0200000, 0x00000000e0200000|100%|HC|  |TAMS 0x00000000e0200000, 0x00000000e0100000| Complete 
|   2|0x00000000e0200000, 0x00000000e0300000, 0x00000000e0300000|100%|HC|  |TAMS 0x00000000e0300000, 0x00000000e0200000| Complete 
|   3|0x00000000e0300000, 0x00000000e0400000, 0x00000000e0400000|100%| O|  |TAMS 0x00000000e0400000, 0x00000000e0300000| Untracked 
|   4|0x00000000e0400000, 0x00000000e0500000, 0x00000000e0500000|100%| O|  |TAMS 0x00000000e0500000, 0x00000000e0400000| Untracked 
|   5|0x00000000e0500000, 0x00000000e0600000, 0x00000000e0600000|100%| O|  |TAMS 0x00000000e0600000, 0x00000000e0500000| Untracked 
|   6|0x00000000e0600000, 0x00000000e0700000, 0x00000000e0700000|100%| O|  |TAMS 0x00000000e0700000, 0x00000000e0600000| Untracked 
|   7|0x00000000e0700000, 0x00000000e0800000, 0x00000000e0800000|100%|HS|  |TAMS 0x00000000e0800000, 0x00000000e0700000| Complete 
|   8|0x00000000e0800000, 0x00000000e0900000, 0x00000000e0900000|100%| O|  |TAMS 0x00000000e0900000, 0x00000000e0800000| Untracked 
|   9|0x00000000e0900000, 0x00000000e0a00000, 0x00000000e0a00000|100%| O|  |TAMS 0x00000000e0a00000, 0x00000000e0900000| Untracked 
|  10|0x00000000e0a00000, 0x00000000e0b00000, 0x00000000e0b00000|100%| O|  |TAMS 0x00000000e0a12800, 0x00000000e0a00000| Untracked 
|  11|0x00000000e0b00000, 0x00000000e0c00000, 0x00000000e0c00000|100%|HS|  |TAMS 0x00000000e0c00000, 0x00000000e0b00000| Complete 
|  12|0x00000000e0c00000, 0x00000000e0d00000, 0x00000000e0d00000|100%|HC|  |TAMS 0x00000000e0d00000, 0x00000000e0c00000| Complete 
|  13|0x00000000e0d00000, 0x00000000e0e00000, 0x00000000e0e00000|100%|HS|  |TAMS 0x00000000e0e00000, 0x00000000e0d00000| Complete 
|  14|0x00000000e0e00000, 0x00000000e0f00000, 0x00000000e0f00000|100%|HC|  |TAMS 0x00000000e0f00000, 0x00000000e0e00000| Complete 
|  15|0x00000000e0f00000, 0x00000000e1000000, 0x00000000e1000000|100%|HC|  |TAMS 0x00000000e1000000, 0x00000000e0f00000| Complete 
|  16|0x00000000e1000000, 0x00000000e1100000, 0x00000000e1100000|100%|HS|  |TAMS 0x00000000e1100000, 0x00000000e1000000| Complete 
|  17|0x00000000e1100000, 0x00000000e1200000, 0x00000000e1200000|100%|HC|  |TAMS 0x00000000e1200000, 0x00000000e1100000| Complete 
|  18|0x00000000e1200000, 0x00000000e1300000, 0x00000000e1300000|100%|HC|  |TAMS 0x00000000e1300000, 0x00000000e1200000| Complete 
|  19|0x00000000e1300000, 0x00000000e1400000, 0x00000000e1400000|100%|HS|  |TAMS 0x00000000e1400000, 0x00000000e1300000| Complete 
|  20|0x00000000e1400000, 0x00000000e1500000, 0x00000000e1500000|100%|HC|  |TAMS 0x00000000e1500000, 0x00000000e1400000| Complete 
|  21|0x00000000e1500000, 0x00000000e1600000, 0x00000000e1600000|100%|HC|  |TAMS 0x00000000e1600000, 0x00000000e1500000| Complete 
|  22|0x00000000e1600000, 0x00000000e1700000, 0x00000000e1700000|100%|HC|  |TAMS 0x00000000e1700000, 0x00000000e1600000| Complete 
|  23|0x00000000e1700000, 0x00000000e1800000, 0x00000000e1800000|100%|HC|  |TAMS 0x00000000e1800000, 0x00000000e1700000| Complete 
|  24|0x00000000e1800000, 0x00000000e1900000, 0x00000000e1900000|100%|HC|  |TAMS 0x00000000e1900000, 0x00000000e1800000| Complete 
|  25|0x00000000e1900000, 0x00000000e1a00000, 0x00000000e1a00000|100%|HC|  |TAMS 0x00000000e1a00000, 0x00000000e1900000| Complete 
|  26|0x00000000e1a00000, 0x00000000e1b00000, 0x00000000e1b00000|100%|HC|  |TAMS 0x00000000e1b00000, 0x00000000e1a00000| Complete 
|  27|0x00000000e1b00000, 0x00000000e1c00000, 0x00000000e1c00000|100%|HC|  |TAMS 0x00000000e1c00000, 0x00000000e1b00000| Complete 
|  28|0x00000000e1c00000, 0x00000000e1d00000, 0x00000000e1d00000|100%|HC|  |TAMS 0x00000000e1d00000, 0x00000000e1c00000| Complete 
|  29|0x00000000e1d00000, 0x00000000e1e00000, 0x00000000e1e00000|100%|HC|  |TAMS 0x00000000e1e00000, 0x00000000e1d00000| Complete 
|  30|0x00000000e1e00000, 0x00000000e1f00000, 0x00000000e1f00000|100%|HS|  |TAMS 0x00000000e1f00000, 0x00000000e1e00000| Complete 
|  31|0x00000000e1f00000, 0x00000000e2000000, 0x00000000e2000000|100%|HC|  |TAMS 0x00000000e2000000, 0x00000000e1f00000| Complete 
|  32|0x00000000e2000000, 0x00000000e2100000, 0x00000000e2100000|100%|HS|  |TAMS 0x00000000e2100000, 0x00000000e2000000| Complete 
|  33|0x00000000e2100000, 0x00000000e2200000, 0x00000000e2200000|100%|HC|  |TAMS 0x00000000e2200000, 0x00000000e2100000| Complete 
|  34|0x00000000e2200000, 0x00000000e2300000, 0x00000000e2300000|100%|HC|  |TAMS 0x00000000e2300000, 0x00000000e2200000| Complete 
|  35|0x00000000e2300000, 0x00000000e2400000, 0x00000000e2400000|100%|HC|  |TAMS 0x00000000e2400000, 0x00000000e2300000| Complete 
|  36|0x00000000e2400000, 0x00000000e2500000, 0x00000000e2500000|100%|HC|  |TAMS 0x00000000e2500000, 0x00000000e2400000| Complete 
|  37|0x00000000e2500000, 0x00000000e2600000, 0x00000000e2600000|100%|HC|  |TAMS 0x00000000e2600000, 0x00000000e2500000| Complete 
|  38|0x00000000e2600000, 0x00000000e2700000, 0x00000000e2700000|100%|HS|  |TAMS 0x00000000e2600000, 0x00000000e2600000| Complete 
|  39|0x00000000e2700000, 0x00000000e2800000, 0x00000000e2800000|100%|HS|  |TAMS 0x00000000e2700000, 0x00000000e2700000| Complete 
|  40|0x00000000e2800000, 0x00000000e2800000, 0x00000000e2900000|  0%| F|  |TAMS 0x00000000e2800000, 0x00000000e2800000| Untracked 
|  41|0x00000000e2900000, 0x00000000e2a00000, 0x00000000e2a00000|100%| O|  |TAMS 0x00000000e2900000, 0x00000000e2900000| Untracked 
|  42|0x00000000e2a00000, 0x00000000e2b00000, 0x00000000e2b00000|100%| O|  |TAMS 0x00000000e2a00000, 0x00000000e2a00000| Untracked 
|  43|0x00000000e2b00000, 0x00000000e2c00000, 0x00000000e2c00000|100%| O|  |TAMS 0x00000000e2b00000, 0x00000000e2b00000| Untracked 
|  44|0x00000000e2c00000, 0x00000000e2d00000, 0x00000000e2d00000|100%|HS|  |TAMS 0x00000000e2c00000, 0x00000000e2c00000| Complete 
|  45|0x00000000e2d00000, 0x00000000e2e00000, 0x00000000e2e00000|100%|HC|  |TAMS 0x00000000e2d00000, 0x00000000e2d00000| Complete 
|  46|0x00000000e2e00000, 0x00000000e2f00000, 0x00000000e2f00000|100%|HC|  |TAMS 0x00000000e2e00000, 0x00000000e2e00000| Complete 
|  47|0x00000000e2f00000, 0x00000000e2f00000, 0x00000000e3000000|  0%| F|  |TAMS 0x00000000e2f00000, 0x00000000e2f00000| Untracked 
|  48|0x00000000e3000000, 0x00000000e3000000, 0x00000000e3100000|  0%| F|  |TAMS 0x00000000e3000000, 0x00000000e3000000| Untracked 
|  49|0x00000000e3100000, 0x00000000e3200000, 0x00000000e3200000|100%| O|  |TAMS 0x00000000e3100000, 0x00000000e3100000| Untracked 
|  50|0x00000000e3200000, 0x00000000e3300000, 0x00000000e3300000|100%| O|  |TAMS 0x00000000e3200000, 0x00000000e3200000| Untracked 
|  51|0x00000000e3300000, 0x00000000e3400000, 0x00000000e3400000|100%| O|  |TAMS 0x00000000e3300000, 0x00000000e3300000| Untracked 
|  52|0x00000000e3400000, 0x00000000e3500000, 0x00000000e3500000|100%| O|  |TAMS 0x00000000e3400000, 0x00000000e3400000| Untracked 
|  53|0x00000000e3500000, 0x00000000e3600000, 0x00000000e3600000|100%| O|  |TAMS 0x00000000e3500000, 0x00000000e3500000| Untracked 
|  54|0x00000000e3600000, 0x00000000e3700000, 0x00000000e3700000|100%| O|  |TAMS 0x00000000e3600000, 0x00000000e3600000| Untracked 
|  55|0x00000000e3700000, 0x00000000e3800000, 0x00000000e3800000|100%| O|  |TAMS 0x00000000e3700000, 0x00000000e3700000| Untracked 
|  56|0x00000000e3800000, 0x00000000e3900000, 0x00000000e3900000|100%| O|  |TAMS 0x00000000e3800000, 0x00000000e3800000| Untracked 
|  57|0x00000000e3900000, 0x00000000e3a00000, 0x00000000e3a00000|100%| O|  |TAMS 0x00000000e3900000, 0x00000000e3900000| Untracked 
|  58|0x00000000e3a00000, 0x00000000e3b00000, 0x00000000e3b00000|100%| O|  |TAMS 0x00000000e3a00000, 0x00000000e3a00000| Untracked 
|  59|0x00000000e3b00000, 0x00000000e3c00000, 0x00000000e3c00000|100%| O|  |TAMS 0x00000000e3b00000, 0x00000000e3b00000| Untracked 
|  60|0x00000000e3c00000, 0x00000000e3d00000, 0x00000000e3d00000|100%| O|  |TAMS 0x00000000e3c00000, 0x00000000e3c00000| Untracked 
|  61|0x00000000e3d00000, 0x00000000e3e00000, 0x00000000e3e00000|100%| O|  |TAMS 0x00000000e3d00000, 0x00000000e3d00000| Untracked 
|  62|0x00000000e3e00000, 0x00000000e3f00000, 0x00000000e3f00000|100%| O|  |TAMS 0x00000000e3e00000, 0x00000000e3e00000| Untracked 
|  63|0x00000000e3f00000, 0x00000000e4000000, 0x00000000e4000000|100%| O|  |TAMS 0x00000000e3f00000, 0x00000000e3f00000| Untracked 
|  64|0x00000000e4000000, 0x00000000e40e8c00, 0x00000000e4100000| 90%| O|  |TAMS 0x00000000e4000000, 0x00000000e4000000| Untracked 
|  65|0x00000000e4100000, 0x00000000e4100000, 0x00000000e4200000|  0%| F|  |TAMS 0x00000000e4100000, 0x00000000e4100000| Untracked 
|  66|0x00000000e4200000, 0x00000000e4200000, 0x00000000e4300000|  0%| F|  |TAMS 0x00000000e4200000, 0x00000000e4200000| Untracked 
|  67|0x00000000e4300000, 0x00000000e4300000, 0x00000000e4400000|  0%| F|  |TAMS 0x00000000e4300000, 0x00000000e4300000| Untracked 
|  68|0x00000000e4400000, 0x00000000e4400000, 0x00000000e4500000|  0%| F|  |TAMS 0x00000000e4400000, 0x00000000e4400000| Untracked 
|  69|0x00000000e4500000, 0x00000000e4500000, 0x00000000e4600000|  0%| F|  |TAMS 0x00000000e4500000, 0x00000000e4500000| Untracked 
|  70|0x00000000e4600000, 0x00000000e4600000, 0x00000000e4700000|  0%| F|  |TAMS 0x00000000e4600000, 0x00000000e4600000| Untracked 
|  71|0x00000000e4700000, 0x00000000e4700000, 0x00000000e4800000|  0%| F|  |TAMS 0x00000000e4700000, 0x00000000e4700000| Untracked 
|  72|0x00000000e4800000, 0x00000000e4800000, 0x00000000e4900000|  0%| F|  |TAMS 0x00000000e4800000, 0x00000000e4800000| Untracked 
|  73|0x00000000e4900000, 0x00000000e4900000, 0x00000000e4a00000|  0%| F|  |TAMS 0x00000000e4900000, 0x00000000e4900000| Untracked 
|  74|0x00000000e4a00000, 0x00000000e4a00000, 0x00000000e4b00000|  0%| F|  |TAMS 0x00000000e4a00000, 0x00000000e4a00000| Untracked 
|  75|0x00000000e4b00000, 0x00000000e4b00000, 0x00000000e4c00000|  0%| F|  |TAMS 0x00000000e4b00000, 0x00000000e4b00000| Untracked 
|  76|0x00000000e4c00000, 0x00000000e4c00000, 0x00000000e4d00000|  0%| F|  |TAMS 0x00000000e4c00000, 0x00000000e4c00000| Untracked 
|  77|0x00000000e4d00000, 0x00000000e4d00000, 0x00000000e4e00000|  0%| F|  |TAMS 0x00000000e4d00000, 0x00000000e4d00000| Untracked 
|  78|0x00000000e4e00000, 0x00000000e4e00000, 0x00000000e4f00000|  0%| F|  |TAMS 0x00000000e4e00000, 0x00000000e4e00000| Untracked 
|  79|0x00000000e4f00000, 0x00000000e4f00000, 0x00000000e5000000|  0%| F|  |TAMS 0x00000000e4f00000, 0x00000000e4f00000| Untracked 
|  80|0x00000000e5000000, 0x00000000e5000000, 0x00000000e5100000|  0%| F|  |TAMS 0x00000000e5000000, 0x00000000e5000000| Untracked 
|  81|0x00000000e5100000, 0x00000000e5100000, 0x00000000e5200000|  0%| F|  |TAMS 0x00000000e5100000, 0x00000000e5100000| Untracked 
|  82|0x00000000e5200000, 0x00000000e5200000, 0x00000000e5300000|  0%| F|  |TAMS 0x00000000e5200000, 0x00000000e5200000| Untracked 
|  83|0x00000000e5300000, 0x00000000e5300000, 0x00000000e5400000|  0%| F|  |TAMS 0x00000000e5300000, 0x00000000e5300000| Untracked 
|  84|0x00000000e5400000, 0x00000000e5400000, 0x00000000e5500000|  0%| F|  |TAMS 0x00000000e5400000, 0x00000000e5400000| Untracked 
|  85|0x00000000e5500000, 0x00000000e5500000, 0x00000000e5600000|  0%| F|  |TAMS 0x00000000e5500000, 0x00000000e5500000| Untracked 
|  86|0x00000000e5600000, 0x00000000e5600000, 0x00000000e5700000|  0%| F|  |TAMS 0x00000000e5600000, 0x00000000e5600000| Untracked 
|  87|0x00000000e5700000, 0x00000000e5700000, 0x00000000e5800000|  0%| F|  |TAMS 0x00000000e5700000, 0x00000000e5700000| Untracked 
|  88|0x00000000e5800000, 0x00000000e5800000, 0x00000000e5900000|  0%| F|  |TAMS 0x00000000e5800000, 0x00000000e5800000| Untracked 
|  89|0x00000000e5900000, 0x00000000e5900000, 0x00000000e5a00000|  0%| F|  |TAMS 0x00000000e5900000, 0x00000000e5900000| Untracked 
|  90|0x00000000e5a00000, 0x00000000e5a00000, 0x00000000e5b00000|  0%| F|  |TAMS 0x00000000e5a00000, 0x00000000e5a00000| Untracked 
|  91|0x00000000e5b00000, 0x00000000e5b00000, 0x00000000e5c00000|  0%| F|  |TAMS 0x00000000e5b00000, 0x00000000e5b00000| Untracked 
|  92|0x00000000e5c00000, 0x00000000e5c00000, 0x00000000e5d00000|  0%| F|  |TAMS 0x00000000e5c00000, 0x00000000e5c00000| Untracked 
|  93|0x00000000e5d00000, 0x00000000e5d00000, 0x00000000e5e00000|  0%| F|  |TAMS 0x00000000e5d00000, 0x00000000e5d00000| Untracked 
|  94|0x00000000e5e00000, 0x00000000e5e00000, 0x00000000e5f00000|  0%| F|  |TAMS 0x00000000e5e00000, 0x00000000e5e00000| Untracked 
|  95|0x00000000e5f00000, 0x00000000e5f00000, 0x00000000e6000000|  0%| F|  |TAMS 0x00000000e5f00000, 0x00000000e5f00000| Untracked 
|  96|0x00000000e6000000, 0x00000000e6000000, 0x00000000e6100000|  0%| F|  |TAMS 0x00000000e6000000, 0x00000000e6000000| Untracked 
|  97|0x00000000e6100000, 0x00000000e6100000, 0x00000000e6200000|  0%| F|  |TAMS 0x00000000e6100000, 0x00000000e6100000| Untracked 
|  98|0x00000000e6200000, 0x00000000e6289b38, 0x00000000e6300000| 53%| S|CS|TAMS 0x00000000e6200000, 0x00000000e6200000| Complete 
|  99|0x00000000e6300000, 0x00000000e6400000, 0x00000000e6400000|100%| S|CS|TAMS 0x00000000e6300000, 0x00000000e6300000| Complete 
| 100|0x00000000e6400000, 0x00000000e6500000, 0x00000000e6500000|100%| S|CS|TAMS 0x00000000e6400000, 0x00000000e6400000| Complete 
| 101|0x00000000e6500000, 0x00000000e6600000, 0x00000000e6600000|100%| S|CS|TAMS 0x00000000e6500000, 0x00000000e6500000| Complete 
| 102|0x00000000e6600000, 0x00000000e6700000, 0x00000000e6700000|100%| S|CS|TAMS 0x00000000e6600000, 0x00000000e6600000| Complete 
| 103|0x00000000e6700000, 0x00000000e6700000, 0x00000000e6800000|  0%| F|  |TAMS 0x00000000e6700000, 0x00000000e6700000| Untracked 
| 104|0x00000000e6800000, 0x00000000e6800000, 0x00000000e6900000|  0%| F|  |TAMS 0x00000000e6800000, 0x00000000e6800000| Untracked 
| 105|0x00000000e6900000, 0x00000000e6900000, 0x00000000e6a00000|  0%| F|  |TAMS 0x00000000e6900000, 0x00000000e6900000| Untracked 
| 106|0x00000000e6a00000, 0x00000000e6a00000, 0x00000000e6b00000|  0%| F|  |TAMS 0x00000000e6a00000, 0x00000000e6a00000| Untracked 
| 107|0x00000000e6b00000, 0x00000000e6b00000, 0x00000000e6c00000|  0%| F|  |TAMS 0x00000000e6b00000, 0x00000000e6b00000| Untracked 
| 108|0x00000000e6c00000, 0x00000000e6d00000, 0x00000000e6d00000|100%| S|CS|TAMS 0x00000000e6c00000, 0x00000000e6c00000| Complete 
| 109|0x00000000e6d00000, 0x00000000e6d00000, 0x00000000e6e00000|  0%| F|  |TAMS 0x00000000e6d00000, 0x00000000e6d00000| Untracked 
| 110|0x00000000e6e00000, 0x00000000e6e00000, 0x00000000e6f00000|  0%| F|  |TAMS 0x00000000e6e00000, 0x00000000e6e00000| Untracked 
| 111|0x00000000e6f00000, 0x00000000e6f00000, 0x00000000e7000000|  0%| F|  |TAMS 0x00000000e6f00000, 0x00000000e6f00000| Untracked 
| 112|0x00000000e7000000, 0x00000000e7000000, 0x00000000e7100000|  0%| F|  |TAMS 0x00000000e7000000, 0x00000000e7000000| Untracked 
| 113|0x00000000e7100000, 0x00000000e7100000, 0x00000000e7200000|  0%| F|  |TAMS 0x00000000e7100000, 0x00000000e7100000| Untracked 
| 114|0x00000000e7200000, 0x00000000e7200000, 0x00000000e7300000|  0%| F|  |TAMS 0x00000000e7200000, 0x00000000e7200000| Untracked 
| 115|0x00000000e7300000, 0x00000000e7300000, 0x00000000e7400000|  0%| F|  |TAMS 0x00000000e7300000, 0x00000000e7300000| Untracked 
| 116|0x00000000e7400000, 0x00000000e7400000, 0x00000000e7500000|  0%| F|  |TAMS 0x00000000e7400000, 0x00000000e7400000| Untracked 
| 117|0x00000000e7500000, 0x00000000e7500000, 0x00000000e7600000|  0%| F|  |TAMS 0x00000000e7500000, 0x00000000e7500000| Untracked 
| 118|0x00000000e7600000, 0x00000000e7600000, 0x00000000e7700000|  0%| F|  |TAMS 0x00000000e7600000, 0x00000000e7600000| Untracked 
| 119|0x00000000e7700000, 0x00000000e7700000, 0x00000000e7800000|  0%| F|  |TAMS 0x00000000e7700000, 0x00000000e7700000| Untracked 
| 120|0x00000000e7800000, 0x00000000e7800000, 0x00000000e7900000|  0%| F|  |TAMS 0x00000000e7800000, 0x00000000e7800000| Untracked 
| 121|0x00000000e7900000, 0x00000000e7900000, 0x00000000e7a00000|  0%| F|  |TAMS 0x00000000e7900000, 0x00000000e7900000| Untracked 
| 122|0x00000000e7a00000, 0x00000000e7a00000, 0x00000000e7b00000|  0%| F|  |TAMS 0x00000000e7a00000, 0x00000000e7a00000| Untracked 
| 123|0x00000000e7b00000, 0x00000000e7b00000, 0x00000000e7c00000|  0%| F|  |TAMS 0x00000000e7b00000, 0x00000000e7b00000| Untracked 
| 124|0x00000000e7c00000, 0x00000000e7c00000, 0x00000000e7d00000|  0%| F|  |TAMS 0x00000000e7c00000, 0x00000000e7c00000| Untracked 
| 125|0x00000000e7d00000, 0x00000000e7d00000, 0x00000000e7e00000|  0%| F|  |TAMS 0x00000000e7d00000, 0x00000000e7d00000| Untracked 
| 126|0x00000000e7e00000, 0x00000000e7e00000, 0x00000000e7f00000|  0%| F|  |TAMS 0x00000000e7e00000, 0x00000000e7e00000| Untracked 
| 127|0x00000000e7f00000, 0x00000000e7f00000, 0x00000000e8000000|  0%| F|  |TAMS 0x00000000e7f00000, 0x00000000e7f00000| Untracked 
| 128|0x00000000e8000000, 0x00000000e8000000, 0x00000000e8100000|  0%| F|  |TAMS 0x00000000e8000000, 0x00000000e8000000| Untracked 
| 129|0x00000000e8100000, 0x00000000e8100000, 0x00000000e8200000|  0%| F|  |TAMS 0x00000000e8100000, 0x00000000e8100000| Untracked 
| 130|0x00000000e8200000, 0x00000000e8200000, 0x00000000e8300000|  0%| F|  |TAMS 0x00000000e8200000, 0x00000000e8200000| Untracked 
| 131|0x00000000e8300000, 0x00000000e8300000, 0x00000000e8400000|  0%| F|  |TAMS 0x00000000e8300000, 0x00000000e8300000| Untracked 
| 132|0x00000000e8400000, 0x00000000e8400000, 0x00000000e8500000|  0%| F|  |TAMS 0x00000000e8400000, 0x00000000e8400000| Untracked 
| 133|0x00000000e8500000, 0x00000000e8500000, 0x00000000e8600000|  0%| F|  |TAMS 0x00000000e8500000, 0x00000000e8500000| Untracked 
| 134|0x00000000e8600000, 0x00000000e8600000, 0x00000000e8700000|  0%| F|  |TAMS 0x00000000e8600000, 0x00000000e8600000| Untracked 
| 135|0x00000000e8700000, 0x00000000e8700000, 0x00000000e8800000|  0%| F|  |TAMS 0x00000000e8700000, 0x00000000e8700000| Untracked 
| 136|0x00000000e8800000, 0x00000000e8800000, 0x00000000e8900000|  0%| F|  |TAMS 0x00000000e8800000, 0x00000000e8800000| Untracked 
| 137|0x00000000e8900000, 0x00000000e8900000, 0x00000000e8a00000|  0%| F|  |TAMS 0x00000000e8900000, 0x00000000e8900000| Untracked 
| 138|0x00000000e8a00000, 0x00000000e8a00000, 0x00000000e8b00000|  0%| F|  |TAMS 0x00000000e8a00000, 0x00000000e8a00000| Untracked 
| 139|0x00000000e8b00000, 0x00000000e8b00000, 0x00000000e8c00000|  0%| F|  |TAMS 0x00000000e8b00000, 0x00000000e8b00000| Untracked 
| 140|0x00000000e8c00000, 0x00000000e8c00000, 0x00000000e8d00000|  0%| F|  |TAMS 0x00000000e8c00000, 0x00000000e8c00000| Untracked 
| 141|0x00000000e8d00000, 0x00000000e8d00000, 0x00000000e8e00000|  0%| F|  |TAMS 0x00000000e8d00000, 0x00000000e8d00000| Untracked 
| 142|0x00000000e8e00000, 0x00000000e8e00000, 0x00000000e8f00000|  0%| F|  |TAMS 0x00000000e8e00000, 0x00000000e8e00000| Untracked 
| 143|0x00000000e8f00000, 0x00000000e8f00000, 0x00000000e9000000|  0%| F|  |TAMS 0x00000000e8f00000, 0x00000000e8f00000| Untracked 
| 144|0x00000000e9000000, 0x00000000e9000000, 0x00000000e9100000|  0%| F|  |TAMS 0x00000000e9000000, 0x00000000e9000000| Untracked 
| 145|0x00000000e9100000, 0x00000000e9100000, 0x00000000e9200000|  0%| F|  |TAMS 0x00000000e9100000, 0x00000000e9100000| Untracked 
| 146|0x00000000e9200000, 0x00000000e9200000, 0x00000000e9300000|  0%| F|  |TAMS 0x00000000e9200000, 0x00000000e9200000| Untracked 
| 147|0x00000000e9300000, 0x00000000e9300000, 0x00000000e9400000|  0%| F|  |TAMS 0x00000000e9300000, 0x00000000e9300000| Untracked 
| 148|0x00000000e9400000, 0x00000000e9400000, 0x00000000e9500000|  0%| F|  |TAMS 0x00000000e9400000, 0x00000000e9400000| Untracked 
| 149|0x00000000e9500000, 0x00000000e9500000, 0x00000000e9600000|  0%| F|  |TAMS 0x00000000e9500000, 0x00000000e9500000| Untracked 
| 150|0x00000000e9600000, 0x00000000e9600000, 0x00000000e9700000|  0%| F|  |TAMS 0x00000000e9600000, 0x00000000e9600000| Untracked 
| 151|0x00000000e9700000, 0x00000000e9700000, 0x00000000e9800000|  0%| F|  |TAMS 0x00000000e9700000, 0x00000000e9700000| Untracked 
| 152|0x00000000e9800000, 0x00000000e9800000, 0x00000000e9900000|  0%| F|  |TAMS 0x00000000e9800000, 0x00000000e9800000| Untracked 
| 153|0x00000000e9900000, 0x00000000e9900000, 0x00000000e9a00000|  0%| F|  |TAMS 0x00000000e9900000, 0x00000000e9900000| Untracked 
| 154|0x00000000e9a00000, 0x00000000e9a00000, 0x00000000e9b00000|  0%| F|  |TAMS 0x00000000e9a00000, 0x00000000e9a00000| Untracked 
| 155|0x00000000e9b00000, 0x00000000e9b00000, 0x00000000e9c00000|  0%| F|  |TAMS 0x00000000e9b00000, 0x00000000e9b00000| Untracked 
| 156|0x00000000e9c00000, 0x00000000e9c00000, 0x00000000e9d00000|  0%| F|  |TAMS 0x00000000e9c00000, 0x00000000e9c00000| Untracked 
| 157|0x00000000e9d00000, 0x00000000e9d00000, 0x00000000e9e00000|  0%| F|  |TAMS 0x00000000e9d00000, 0x00000000e9d00000| Untracked 
| 158|0x00000000e9e00000, 0x00000000e9e00000, 0x00000000e9f00000|  0%| F|  |TAMS 0x00000000e9e00000, 0x00000000e9e00000| Untracked 
| 159|0x00000000e9f00000, 0x00000000e9f00000, 0x00000000ea000000|  0%| F|  |TAMS 0x00000000e9f00000, 0x00000000e9f00000| Untracked 
| 160|0x00000000ea000000, 0x00000000ea000000, 0x00000000ea100000|  0%| F|  |TAMS 0x00000000ea000000, 0x00000000ea000000| Untracked 
| 161|0x00000000ea100000, 0x00000000ea100000, 0x00000000ea200000|  0%| F|  |TAMS 0x00000000ea100000, 0x00000000ea100000| Untracked 
| 162|0x00000000ea200000, 0x00000000ea200000, 0x00000000ea300000|  0%| F|  |TAMS 0x00000000ea200000, 0x00000000ea200000| Untracked 
| 163|0x00000000ea300000, 0x00000000ea300000, 0x00000000ea400000|  0%| F|  |TAMS 0x00000000ea300000, 0x00000000ea300000| Untracked 
| 164|0x00000000ea400000, 0x00000000ea400000, 0x00000000ea500000|  0%| F|  |TAMS 0x00000000ea400000, 0x00000000ea400000| Untracked 
| 165|0x00000000ea500000, 0x00000000ea500000, 0x00000000ea600000|  0%| F|  |TAMS 0x00000000ea500000, 0x00000000ea500000| Untracked 
| 166|0x00000000ea600000, 0x00000000ea600000, 0x00000000ea700000|  0%| F|  |TAMS 0x00000000ea600000, 0x00000000ea600000| Untracked 
| 167|0x00000000ea700000, 0x00000000ea700000, 0x00000000ea800000|  0%| F|  |TAMS 0x00000000ea700000, 0x00000000ea700000| Untracked 
| 168|0x00000000ea800000, 0x00000000ea800000, 0x00000000ea900000|  0%| F|  |TAMS 0x00000000ea800000, 0x00000000ea800000| Untracked 
| 169|0x00000000ea900000, 0x00000000ea900000, 0x00000000eaa00000|  0%| F|  |TAMS 0x00000000ea900000, 0x00000000ea900000| Untracked 
| 170|0x00000000eaa00000, 0x00000000eaa00000, 0x00000000eab00000|  0%| F|  |TAMS 0x00000000eaa00000, 0x00000000eaa00000| Untracked 
| 171|0x00000000eab00000, 0x00000000eab00000, 0x00000000eac00000|  0%| F|  |TAMS 0x00000000eab00000, 0x00000000eab00000| Untracked 
| 172|0x00000000eac00000, 0x00000000eac00000, 0x00000000ead00000|  0%| F|  |TAMS 0x00000000eac00000, 0x00000000eac00000| Untracked 
| 173|0x00000000ead00000, 0x00000000ead00000, 0x00000000eae00000|  0%| F|  |TAMS 0x00000000ead00000, 0x00000000ead00000| Untracked 
| 174|0x00000000eae00000, 0x00000000eae00000, 0x00000000eaf00000|  0%| F|  |TAMS 0x00000000eae00000, 0x00000000eae00000| Untracked 
| 175|0x00000000eaf00000, 0x00000000eaf00000, 0x00000000eb000000|  0%| F|  |TAMS 0x00000000eaf00000, 0x00000000eaf00000| Untracked 
| 176|0x00000000eb000000, 0x00000000eb000000, 0x00000000eb100000|  0%| F|  |TAMS 0x00000000eb000000, 0x00000000eb000000| Untracked 
| 177|0x00000000eb100000, 0x00000000eb100000, 0x00000000eb200000|  0%| F|  |TAMS 0x00000000eb100000, 0x00000000eb100000| Untracked 
| 178|0x00000000eb200000, 0x00000000eb200000, 0x00000000eb300000|  0%| F|  |TAMS 0x00000000eb200000, 0x00000000eb200000| Untracked 
| 179|0x00000000eb300000, 0x00000000eb300000, 0x00000000eb400000|  0%| F|  |TAMS 0x00000000eb300000, 0x00000000eb300000| Untracked 
| 180|0x00000000eb400000, 0x00000000eb400000, 0x00000000eb500000|  0%| F|  |TAMS 0x00000000eb400000, 0x00000000eb400000| Untracked 
| 181|0x00000000eb500000, 0x00000000eb500000, 0x00000000eb600000|  0%| F|  |TAMS 0x00000000eb500000, 0x00000000eb500000| Untracked 
| 182|0x00000000eb600000, 0x00000000eb600000, 0x00000000eb700000|  0%| F|  |TAMS 0x00000000eb600000, 0x00000000eb600000| Untracked 
| 183|0x00000000eb700000, 0x00000000eb700000, 0x00000000eb800000|  0%| F|  |TAMS 0x00000000eb700000, 0x00000000eb700000| Untracked 
| 184|0x00000000eb800000, 0x00000000eb800000, 0x00000000eb900000|  0%| F|  |TAMS 0x00000000eb800000, 0x00000000eb800000| Untracked 
| 185|0x00000000eb900000, 0x00000000eb900000, 0x00000000eba00000|  0%| F|  |TAMS 0x00000000eb900000, 0x00000000eb900000| Untracked 
| 186|0x00000000eba00000, 0x00000000eba00000, 0x00000000ebb00000|  0%| F|  |TAMS 0x00000000eba00000, 0x00000000eba00000| Untracked 
| 187|0x00000000ebb00000, 0x00000000ebb00000, 0x00000000ebc00000|  0%| F|  |TAMS 0x00000000ebb00000, 0x00000000ebb00000| Untracked 
| 188|0x00000000ebc00000, 0x00000000ebc00000, 0x00000000ebd00000|  0%| F|  |TAMS 0x00000000ebc00000, 0x00000000ebc00000| Untracked 
| 189|0x00000000ebd00000, 0x00000000ebd00000, 0x00000000ebe00000|  0%| F|  |TAMS 0x00000000ebd00000, 0x00000000ebd00000| Untracked 
| 190|0x00000000ebe00000, 0x00000000ebe00000, 0x00000000ebf00000|  0%| F|  |TAMS 0x00000000ebe00000, 0x00000000ebe00000| Untracked 
| 191|0x00000000ebf00000, 0x00000000ebf00000, 0x00000000ec000000|  0%| F|  |TAMS 0x00000000ebf00000, 0x00000000ebf00000| Untracked 
| 192|0x00000000ec000000, 0x00000000ec000000, 0x00000000ec100000|  0%| F|  |TAMS 0x00000000ec000000, 0x00000000ec000000| Untracked 
| 193|0x00000000ec100000, 0x00000000ec100000, 0x00000000ec200000|  0%| F|  |TAMS 0x00000000ec100000, 0x00000000ec100000| Untracked 
| 194|0x00000000ec200000, 0x00000000ec200000, 0x00000000ec300000|  0%| F|  |TAMS 0x00000000ec200000, 0x00000000ec200000| Untracked 
| 195|0x00000000ec300000, 0x00000000ec300000, 0x00000000ec400000|  0%| F|  |TAMS 0x00000000ec300000, 0x00000000ec300000| Untracked 
| 196|0x00000000ec400000, 0x00000000ec400000, 0x00000000ec500000|  0%| F|  |TAMS 0x00000000ec400000, 0x00000000ec400000| Untracked 
| 197|0x00000000ec500000, 0x00000000ec500000, 0x00000000ec600000|  0%| F|  |TAMS 0x00000000ec500000, 0x00000000ec500000| Untracked 
| 198|0x00000000ec600000, 0x00000000ec600000, 0x00000000ec700000|  0%| F|  |TAMS 0x00000000ec600000, 0x00000000ec600000| Untracked 
| 199|0x00000000ec700000, 0x00000000ec700000, 0x00000000ec800000|  0%| F|  |TAMS 0x00000000ec700000, 0x00000000ec700000| Untracked 
| 200|0x00000000ec800000, 0x00000000ec800000, 0x00000000ec900000|  0%| F|  |TAMS 0x00000000ec800000, 0x00000000ec800000| Untracked 
| 201|0x00000000ec900000, 0x00000000ec900000, 0x00000000eca00000|  0%| F|  |TAMS 0x00000000ec900000, 0x00000000ec900000| Untracked 
| 202|0x00000000eca00000, 0x00000000eca00000, 0x00000000ecb00000|  0%| F|  |TAMS 0x00000000eca00000, 0x00000000eca00000| Untracked 
| 203|0x00000000ecb00000, 0x00000000ecb00000, 0x00000000ecc00000|  0%| F|  |TAMS 0x00000000ecb00000, 0x00000000ecb00000| Untracked 
| 204|0x00000000ecc00000, 0x00000000ecc00000, 0x00000000ecd00000|  0%| F|  |TAMS 0x00000000ecc00000, 0x00000000ecc00000| Untracked 
| 205|0x00000000ecd00000, 0x00000000ecd00000, 0x00000000ece00000|  0%| F|  |TAMS 0x00000000ecd00000, 0x00000000ecd00000| Untracked 
| 206|0x00000000ece00000, 0x00000000ece00000, 0x00000000ecf00000|  0%| F|  |TAMS 0x00000000ece00000, 0x00000000ece00000| Untracked 
| 207|0x00000000ecf00000, 0x00000000ecf00000, 0x00000000ed000000|  0%| F|  |TAMS 0x00000000ecf00000, 0x00000000ecf00000| Untracked 
| 208|0x00000000ed000000, 0x00000000ed000000, 0x00000000ed100000|  0%| F|  |TAMS 0x00000000ed000000, 0x00000000ed000000| Untracked 
| 209|0x00000000ed100000, 0x00000000ed100000, 0x00000000ed200000|  0%| F|  |TAMS 0x00000000ed100000, 0x00000000ed100000| Untracked 
| 210|0x00000000ed200000, 0x00000000ed200000, 0x00000000ed300000|  0%| F|  |TAMS 0x00000000ed200000, 0x00000000ed200000| Untracked 
| 211|0x00000000ed300000, 0x00000000ed300000, 0x00000000ed400000|  0%| F|  |TAMS 0x00000000ed300000, 0x00000000ed300000| Untracked 
| 212|0x00000000ed400000, 0x00000000ed400000, 0x00000000ed500000|  0%| F|  |TAMS 0x00000000ed400000, 0x00000000ed400000| Untracked 
| 213|0x00000000ed500000, 0x00000000ed500000, 0x00000000ed600000|  0%| F|  |TAMS 0x00000000ed500000, 0x00000000ed500000| Untracked 
| 214|0x00000000ed600000, 0x00000000ed680800, 0x00000000ed700000| 50%| E|  |TAMS 0x00000000ed600000, 0x00000000ed600000| Complete 
| 215|0x00000000ed700000, 0x00000000ed800000, 0x00000000ed800000|100%| E|CS|TAMS 0x00000000ed700000, 0x00000000ed700000| Complete 
| 216|0x00000000ed800000, 0x00000000ed900000, 0x00000000ed900000|100%| E|CS|TAMS 0x00000000ed800000, 0x00000000ed800000| Complete 
| 217|0x00000000ed900000, 0x00000000eda00000, 0x00000000eda00000|100%| E|CS|TAMS 0x00000000ed900000, 0x00000000ed900000| Complete 
| 218|0x00000000eda00000, 0x00000000edb00000, 0x00000000edb00000|100%| E|CS|TAMS 0x00000000eda00000, 0x00000000eda00000| Complete 
| 219|0x00000000edb00000, 0x00000000edc00000, 0x00000000edc00000|100%| E|CS|TAMS 0x00000000edb00000, 0x00000000edb00000| Complete 
| 220|0x00000000edc00000, 0x00000000edd00000, 0x00000000edd00000|100%| E|CS|TAMS 0x00000000edc00000, 0x00000000edc00000| Complete 
| 221|0x00000000edd00000, 0x00000000ede00000, 0x00000000ede00000|100%| E|CS|TAMS 0x00000000edd00000, 0x00000000edd00000| Complete 
| 222|0x00000000ede00000, 0x00000000edf00000, 0x00000000edf00000|100%| E|CS|TAMS 0x00000000ede00000, 0x00000000ede00000| Complete 
| 223|0x00000000edf00000, 0x00000000ee000000, 0x00000000ee000000|100%| E|CS|TAMS 0x00000000edf00000, 0x00000000edf00000| Complete 
| 224|0x00000000ee000000, 0x00000000ee100000, 0x00000000ee100000|100%| E|CS|TAMS 0x00000000ee000000, 0x00000000ee000000| Complete 
| 225|0x00000000ee100000, 0x00000000ee200000, 0x00000000ee200000|100%| E|CS|TAMS 0x00000000ee100000, 0x00000000ee100000| Complete 
| 226|0x00000000ee200000, 0x00000000ee300000, 0x00000000ee300000|100%| E|CS|TAMS 0x00000000ee200000, 0x00000000ee200000| Complete 
| 227|0x00000000ee300000, 0x00000000ee400000, 0x00000000ee400000|100%| E|CS|TAMS 0x00000000ee300000, 0x00000000ee300000| Complete 
| 228|0x00000000ee400000, 0x00000000ee500000, 0x00000000ee500000|100%| E|CS|TAMS 0x00000000ee400000, 0x00000000ee400000| Complete 
| 229|0x00000000ee500000, 0x00000000ee600000, 0x00000000ee600000|100%| E|CS|TAMS 0x00000000ee500000, 0x00000000ee500000| Complete 
| 230|0x00000000ee600000, 0x00000000ee700000, 0x00000000ee700000|100%| E|CS|TAMS 0x00000000ee600000, 0x00000000ee600000| Complete 
| 231|0x00000000ee700000, 0x00000000ee800000, 0x00000000ee800000|100%| E|CS|TAMS 0x00000000ee700000, 0x00000000ee700000| Complete 
| 232|0x00000000ee800000, 0x00000000ee900000, 0x00000000ee900000|100%| E|CS|TAMS 0x00000000ee800000, 0x00000000ee800000| Complete 
| 233|0x00000000ee900000, 0x00000000eea00000, 0x00000000eea00000|100%| E|CS|TAMS 0x00000000ee900000, 0x00000000ee900000| Complete 
| 234|0x00000000eea00000, 0x00000000eeb00000, 0x00000000eeb00000|100%| E|CS|TAMS 0x00000000eea00000, 0x00000000eea00000| Complete 
| 235|0x00000000eeb00000, 0x00000000eec00000, 0x00000000eec00000|100%| E|CS|TAMS 0x00000000eeb00000, 0x00000000eeb00000| Complete 
| 236|0x00000000eec00000, 0x00000000eed00000, 0x00000000eed00000|100%| E|CS|TAMS 0x00000000eec00000, 0x00000000eec00000| Complete 
| 237|0x00000000eed00000, 0x00000000eee00000, 0x00000000eee00000|100%| E|CS|TAMS 0x00000000eed00000, 0x00000000eed00000| Complete 
| 238|0x00000000eee00000, 0x00000000eef00000, 0x00000000eef00000|100%| E|CS|TAMS 0x00000000eee00000, 0x00000000eee00000| Complete 
| 239|0x00000000eef00000, 0x00000000ef000000, 0x00000000ef000000|100%| E|CS|TAMS 0x00000000eef00000, 0x00000000eef00000| Complete 
| 240|0x00000000ef000000, 0x00000000ef100000, 0x00000000ef100000|100%| E|CS|TAMS 0x00000000ef000000, 0x00000000ef000000| Complete 
| 241|0x00000000ef100000, 0x00000000ef200000, 0x00000000ef200000|100%| E|CS|TAMS 0x00000000ef100000, 0x00000000ef100000| Complete 
| 242|0x00000000ef200000, 0x00000000ef300000, 0x00000000ef300000|100%| E|CS|TAMS 0x00000000ef200000, 0x00000000ef200000| Complete 
| 243|0x00000000ef300000, 0x00000000ef400000, 0x00000000ef400000|100%| E|CS|TAMS 0x00000000ef300000, 0x00000000ef300000| Complete 
| 244|0x00000000ef400000, 0x00000000ef500000, 0x00000000ef500000|100%| E|CS|TAMS 0x00000000ef400000, 0x00000000ef400000| Complete 
| 245|0x00000000ef500000, 0x00000000ef600000, 0x00000000ef600000|100%| E|CS|TAMS 0x00000000ef500000, 0x00000000ef500000| Complete 
| 246|0x00000000ef600000, 0x00000000ef700000, 0x00000000ef700000|100%| E|CS|TAMS 0x00000000ef600000, 0x00000000ef600000| Complete 
| 247|0x00000000ef700000, 0x00000000ef800000, 0x00000000ef800000|100%| E|CS|TAMS 0x00000000ef700000, 0x00000000ef700000| Complete 
| 248|0x00000000ef800000, 0x00000000ef900000, 0x00000000ef900000|100%| E|CS|TAMS 0x00000000ef800000, 0x00000000ef800000| Complete 
| 249|0x00000000ef900000, 0x00000000efa00000, 0x00000000efa00000|100%| E|CS|TAMS 0x00000000ef900000, 0x00000000ef900000| Complete 
| 250|0x00000000efa00000, 0x00000000efb00000, 0x00000000efb00000|100%| E|CS|TAMS 0x00000000efa00000, 0x00000000efa00000| Complete 
| 251|0x00000000efb00000, 0x00000000efc00000, 0x00000000efc00000|100%| E|CS|TAMS 0x00000000efb00000, 0x00000000efb00000| Complete 
| 252|0x00000000efc00000, 0x00000000efd00000, 0x00000000efd00000|100%| E|CS|TAMS 0x00000000efc00000, 0x00000000efc00000| Complete 
| 253|0x00000000efd00000, 0x00000000efe00000, 0x00000000efe00000|100%| E|CS|TAMS 0x00000000efd00000, 0x00000000efd00000| Complete 
| 254|0x00000000efe00000, 0x00000000eff00000, 0x00000000eff00000|100%| E|CS|TAMS 0x00000000efe00000, 0x00000000efe00000| Complete 
| 255|0x00000000eff00000, 0x00000000f0000000, 0x00000000f0000000|100%| E|CS|TAMS 0x00000000eff00000, 0x00000000eff00000| Complete 

Card table byte_map: [0x0000024b3d400000,0x0000024b3d500000] _byte_map_base: 0x0000024b3cd00000

Marking Bits (Prev, Next): (CMBitMap*) 0x0000024b245d3490, (CMBitMap*) 0x0000024b245d34d0
 Prev Bits: [0x0000024b3d600000, 0x0000024b3de00000)
 Next Bits: [0x0000024b3de00000, 0x0000024b3e600000)

Polling page: 0x0000024b24440000

Metaspace:

Usage:
  Non-class:     32.29 MB used.
      Class:      5.12 MB used.
       Both:     37.41 MB used.

Virtual space:
  Non-class space:       64.00 MB reserved,      32.88 MB ( 51%) committed,  1 nodes.
      Class space:      208.00 MB reserved,       5.75 MB (  3%) committed,  1 nodes.
             Both:      272.00 MB reserved,      38.62 MB ( 14%) committed. 

Chunk freelists:
   Non-Class:  2.27 MB
       Class:  2.26 MB
        Both:  4.53 MB

MaxMetaspaceSize: 256.00 MB
CompressedClassSpaceSize: 208.00 MB
Initial GC threshold: 21.00 MB
Current GC threshold: 58.88 MB
CDS: on
MetaspaceReclaimPolicy: balanced
 - commit_granule_bytes: 65536.
 - commit_granule_words: 8192.
 - virtual_space_node_default_size: 8388608.
 - enlarge_chunks_in_place: 1.
 - new_chunks_are_fully_committed: 0.
 - uncommit_free_chunks: 1.
 - use_allocation_guard: 0.


Internal statistics:

num_allocs_failed_limit: 6.
num_arena_births: 2226.
num_arena_deaths: 0.
num_vsnodes_births: 2.
num_vsnodes_deaths: 0.
num_space_committed: 618.
num_space_uncommitted: 0.
num_chunks_returned_to_freelist: 6.
num_chunks_taken_from_freelist: 4002.
num_chunk_merges: 6.
num_chunk_splits: 2562.
num_chunks_enlarged: 1497.
num_inconsistent_stats: 0.

CodeHeap 'non-profiled nmethods': size=120000Kb used=3208Kb max_used=3208Kb free=116791Kb
 bounds [0x0000024b357b0000, 0x0000024b35af0000, 0x0000024b3cce0000]
CodeHeap 'profiled nmethods': size=120000Kb used=8515Kb max_used=10378Kb free=111484Kb
 bounds [0x0000024b2dce0000, 0x0000024b2e730000, 0x0000024b35210000]
CodeHeap 'non-nmethods': size=5760Kb used=2415Kb max_used=2511Kb free=3344Kb
 bounds [0x0000024b35210000, 0x0000024b354a0000, 0x0000024b357b0000]
 total_blobs=5114 nmethods=4286 adapters=738
 compilation: enabled
              stopped_count=0, restarted_count=0
 full_count=0

Compilation events (20 events):
Event: 27.120 Thread 0x0000024b47352180 nmethod 5144 0x0000024b359b0e10 code [0x0000024b359b0fa0, 0x0000024b359b10d8]
Event: 27.120 Thread 0x0000024b47352180 5158       4       java.lang.String::regionMatches (150 bytes)
Event: 27.126 Thread 0x0000024b47352180 nmethod 5158 0x0000024b35883490 code [0x0000024b35883620, 0x0000024b358839b8]
Event: 27.126 Thread 0x0000024b47352180 5145       4       java.util.concurrent.TimeUnit::convert (77 bytes)
Event: 27.128 Thread 0x0000024b47352180 nmethod 5145 0x0000024b35835790 code [0x0000024b35835920, 0x0000024b35835b28]
Event: 27.128 Thread 0x0000024b47352180 5147       4       java.time.LocalDate::toEpochDay (154 bytes)
Event: 27.130 Thread 0x0000024b47352180 nmethod 5147 0x0000024b3590a690 code [0x0000024b3590a820, 0x0000024b3590a9f8]
Event: 27.130 Thread 0x0000024b47352180 5141       4       java.lang.Math::floorMod (28 bytes)
Event: 27.130 Thread 0x0000024b47352180 nmethod 5141 0x0000024b357ca990 code [0x0000024b357cab20, 0x0000024b357cabf8]
Event: 27.130 Thread 0x0000024b47352180 5159       4       org.objectweb.asm.ClassVisitor::visitSource (17 bytes)
Event: 27.171 Thread 0x0000024b47352180 nmethod 5159 0x0000024b3585a010 code [0x0000024b3585a2a0, 0x0000024b3585b5c0]
Event: 27.171 Thread 0x0000024b47352180 5160       4       org.objectweb.asm.ClassReader::accept (1412 bytes)
Event: 27.234 Thread 0x0000024b40c37f00 5171       3       java.lang.StringUTF16::hashCode (33 bytes)
Event: 27.235 Thread 0x0000024b40c37f00 nmethod 5171 0x0000024b2e577d90 code [0x0000024b2e577f40, 0x0000024b2e5780f8]
Event: 27.262 Thread 0x0000024b40c14d70 nmethod 5094% 0x0000024b35ac2490 code [0x0000024b35ac2fc0, 0x0000024b35ad4338]
Event: 27.264 Thread 0x0000024b40c14d70 5161       4       org.objectweb.asm.ClassWriter::toByteArray (1535 bytes)
Event: 27.547 Thread 0x0000024b40c37f00 5175       3       org.objectweb.asm.ClassReader::readMethod (1066 bytes)
Event: 27.552 Thread 0x0000024b40c37f00 nmethod 5175 0x0000024b2e649d10 code [0x0000024b2e64a460, 0x0000024b2e64eb28]
Event: 27.580 Thread 0x0000024b40c14d70 nmethod 5161 0x0000024b35adfa90 code [0x0000024b35ae0480, 0x0000024b35ae6708]
Event: 27.581 Thread 0x0000024b40c14d70 5172 %     4       org.objectweb.asm.ClassReader::readCode @ 92 (5109 bytes)

GC Heap History (18 events):
Event: 4.694 GC heap before
{Heap before GC invocations=0 (full 0):
 garbage-first heap   total 262144K, used 15360K [0x00000000e0000000, 0x0000000100000000)
  region size 1024K, 13 young (13312K), 0 survivors (0K)
 Metaspace       used 929K, committed 1088K, reserved 278528K
  class space    used 72K, committed 128K, reserved 212992K
}
Event: 4.699 GC heap after
{Heap after GC invocations=1 (full 0):
 garbage-first heap   total 262144K, used 3655K [0x00000000e0000000, 0x0000000100000000)
  region size 1024K, 2 young (2048K), 2 survivors (2048K)
 Metaspace       used 929K, committed 1088K, reserved 278528K
  class space    used 72K, committed 128K, reserved 212992K
}
Event: 6.775 GC heap before
{Heap before GC invocations=1 (full 0):
 garbage-first heap   total 262144K, used 22087K [0x00000000e0000000, 0x0000000100000000)
  region size 1024K, 18 young (18432K), 2 survivors (2048K)
 Metaspace       used 3846K, committed 4032K, reserved 278528K
  class space    used 467K, committed 576K, reserved 212992K
}
Event: 6.778 GC heap after
{Heap after GC invocations=2 (full 0):
 garbage-first heap   total 262144K, used 9332K [0x00000000e0000000, 0x0000000100000000)
  region size 1024K, 3 young (3072K), 3 survivors (3072K)
 Metaspace       used 3846K, committed 4032K, reserved 278528K
  class space    used 467K, committed 576K, reserved 212992K
}
Event: 12.611 GC heap before
{Heap before GC invocations=2 (full 0):
 garbage-first heap   total 262144K, used 31860K [0x00000000e0000000, 0x0000000100000000)
  region size 1024K, 25 young (25600K), 3 survivors (3072K)
 Metaspace       used 4004K, committed 4224K, reserved 278528K
  class space    used 469K, committed 576K, reserved 212992K
}
Event: 12.613 GC heap after
{Heap after GC invocations=3 (full 0):
 garbage-first heap   total 262144K, used 13386K [0x00000000e0000000, 0x0000000100000000)
  region size 1024K, 4 young (4096K), 4 survivors (4096K)
 Metaspace       used 4004K, committed 4224K, reserved 278528K
  class space    used 469K, committed 576K, reserved 212992K
}
Event: 19.672 GC heap before
{Heap before GC invocations=3 (full 0):
 garbage-first heap   total 262144K, used 104522K [0x00000000e0000000, 0x0000000100000000)
  region size 1024K, 89 young (91136K), 4 survivors (4096K)
 Metaspace       used 20865K, committed 21504K, reserved 278528K
  class space    used 3010K, committed 3328K, reserved 212992K
}
Event: 19.691 GC heap after
{Heap after GC invocations=4 (full 0):
 garbage-first heap   total 262144K, used 26912K [0x00000000e0000000, 0x0000000100000000)
  region size 1024K, 13 young (13312K), 13 survivors (13312K)
 Metaspace       used 20865K, committed 21504K, reserved 278528K
  class space    used 3010K, committed 3328K, reserved 212992K
}
Event: 21.666 GC heap before
{Heap before GC invocations=5 (full 0):
 garbage-first heap   total 262144K, used 149792K [0x00000000e0000000, 0x0000000100000000)
  region size 1024K, 109 young (111616K), 13 survivors (13312K)
 Metaspace       used 34795K, committed 35968K, reserved 278528K
  class space    used 4763K, committed 5376K, reserved 212992K
}
Event: 21.684 GC heap after
{Heap after GC invocations=6 (full 0):
 garbage-first heap   total 262144K, used 59725K [0x00000000e0000000, 0x0000000100000000)
  region size 1024K, 18 young (18432K), 18 survivors (18432K)
 Metaspace       used 34795K, committed 35968K, reserved 278528K
  class space    used 4763K, committed 5376K, reserved 212992K
}
Event: 23.205 GC heap before
{Heap before GC invocations=7 (full 0):
 garbage-first heap   total 262144K, used 161101K [0x00000000e0000000, 0x0000000100000000)
  region size 1024K, 110 young (112640K), 18 survivors (18432K)
 Metaspace       used 38232K, committed 39488K, reserved 278528K
  class space    used 5233K, committed 5888K, reserved 212992K
}
Event: 23.227 GC heap after
{Heap after GC invocations=8 (full 0):
 garbage-first heap   total 262144K, used 64931K [0x00000000e0000000, 0x0000000100000000)
  region size 1024K, 4 young (4096K), 4 survivors (4096K)
 Metaspace       used 38232K, committed 39488K, reserved 278528K
  class space    used 5233K, committed 5888K, reserved 212992K
}
Event: 24.850 GC heap before
{Heap before GC invocations=8 (full 0):
 garbage-first heap   total 262144K, used 197027K [0x00000000e0000000, 0x0000000100000000)
  region size 1024K, 133 young (136192K), 4 survivors (4096K)
 Metaspace       used 38295K, committed 39552K, reserved 278528K
  class space    used 5242K, committed 5888K, reserved 212992K
}
Event: 24.855 GC heap after
{Heap after GC invocations=9 (full 0):
 garbage-first heap   total 262144K, used 65150K [0x00000000e0000000, 0x0000000100000000)
  region size 1024K, 4 young (4096K), 4 survivors (4096K)
 Metaspace       used 38295K, committed 39552K, reserved 278528K
  class space    used 5242K, committed 5888K, reserved 212992K
}
Event: 25.859 GC heap before
{Heap before GC invocations=9 (full 0):
 garbage-first heap   total 262144K, used 212606K [0x00000000e0000000, 0x0000000100000000)
  region size 1024K, 148 young (151552K), 4 survivors (4096K)
 Metaspace       used 38304K, committed 39552K, reserved 278528K
  class space    used 5242K, committed 5888K, reserved 212992K
}
Event: 25.870 GC heap after
{Heap after GC invocations=10 (full 0):
 garbage-first heap   total 262144K, used 65604K [0x00000000e0000000, 0x0000000100000000)
  region size 1024K, 5 young (5120K), 5 survivors (5120K)
 Metaspace       used 38304K, committed 39552K, reserved 278528K
  class space    used 5242K, committed 5888K, reserved 212992K
}
Event: 27.098 GC heap before
{Heap before GC invocations=10 (full 0):
 garbage-first heap   total 262144K, used 216132K [0x00000000e0000000, 0x0000000100000000)
  region size 1024K, 152 young (155648K), 5 survivors (5120K)
 Metaspace       used 38311K, committed 39552K, reserved 278528K
  class space    used 5242K, committed 5888K, reserved 212992K
}
Event: 27.105 GC heap after
{Heap after GC invocations=11 (full 0):
 garbage-first heap   total 262144K, used 67017K [0x00000000e0000000, 0x0000000100000000)
  region size 1024K, 6 young (6144K), 6 survivors (6144K)
 Metaspace       used 38311K, committed 39552K, reserved 278528K
  class space    used 5242K, committed 5888K, reserved 212992K
}

Dll operation events (13 events):
Event: 0.008 Loaded shared library C:\Users\User\.jdks\openjdk-19.0.1\bin\java.dll
Event: 0.021 Loaded shared library C:\Users\User\.jdks\openjdk-19.0.1\bin\jsvml.dll
Event: 0.075 Loaded shared library C:\Users\User\.jdks\openjdk-19.0.1\bin\net.dll
Event: 0.087 Loaded shared library C:\Users\User\.jdks\openjdk-19.0.1\bin\nio.dll
Event: 0.334 Loaded shared library C:\Users\User\.jdks\openjdk-19.0.1\bin\zip.dll
Event: 2.710 Loaded shared library C:\Users\User\.jdks\openjdk-19.0.1\bin\jimage.dll
Event: 3.330 Loaded shared library C:\Users\User\.jdks\openjdk-19.0.1\bin\verify.dll
Event: 6.509 Loaded shared library C:\Users\User\.gradle\native\e1d6ef7f7dcc3fd88c89a11ec53ec762bb8ba0a96d01ffa2cd45eb1d1d8dd5c5\windows-amd64\native-platform.dll
Event: 6.539 Loaded shared library C:\Users\User\.gradle\native\0d407fdbe67a94daf76414ababcb853783967236a71b16ec16e742cd7a986fd3\windows-amd64\native-platform-file-events.dll
Event: 12.815 Loaded shared library C:\Users\User\.jdks\openjdk-19.0.1\bin\management.dll
Event: 12.824 Loaded shared library C:\Users\User\.jdks\openjdk-19.0.1\bin\management_ext.dll
Event: 13.028 Loaded shared library C:\Users\User\.jdks\openjdk-19.0.1\bin\extnet.dll
Event: 13.234 Loaded shared library C:\Users\User\.jdks\openjdk-19.0.1\bin\sunmscapi.dll

Deoptimization events (20 events):
Event: 26.944 Thread 0x0000024b46501980 DEOPT PACKING pc=0x0000024b2de29598 sp=0x000000b18a9fea40
Event: 26.944 Thread 0x0000024b46501980 DEOPT UNPACKING pc=0x0000024b3527b0e3 sp=0x000000b18a9fdf40 mode 0
Event: 26.965 Thread 0x0000024b46501980 DEOPT PACKING pc=0x0000024b2de29598 sp=0x000000b18a9fea40
Event: 26.965 Thread 0x0000024b46501980 DEOPT UNPACKING pc=0x0000024b3527b0e3 sp=0x000000b18a9fdf40 mode 0
Event: 26.966 Thread 0x0000024b46501980 DEOPT PACKING pc=0x0000024b2de29598 sp=0x000000b18a9fea40
Event: 26.966 Thread 0x0000024b46501980 DEOPT UNPACKING pc=0x0000024b3527b0e3 sp=0x000000b18a9fdf40 mode 0
Event: 26.991 Thread 0x0000024b46501980 DEOPT PACKING pc=0x0000024b2de29598 sp=0x000000b18a9fea40
Event: 26.991 Thread 0x0000024b46501980 DEOPT UNPACKING pc=0x0000024b3527b0e3 sp=0x000000b18a9fdf40 mode 0
Event: 27.007 Thread 0x0000024b46501980 DEOPT PACKING pc=0x0000024b2de29598 sp=0x000000b18a9fea40
Event: 27.007 Thread 0x0000024b46501980 DEOPT UNPACKING pc=0x0000024b3527b0e3 sp=0x000000b18a9fdf40 mode 0
Event: 27.077 Thread 0x0000024b46501980 Uncommon trap: trap_request=0xffffff45 fr.pc=0x0000024b35a58784 relative=0x0000000000000384
Event: 27.077 Thread 0x0000024b46501980 Uncommon trap: reason=unstable_if action=reinterpret pc=0x0000024b35a58784 method=org.gradle.internal.classpath.InstrumentingTransformer$InstrumentingMethodVisitor.visitMethodInsn(ILjava/lang/String;Ljava/lang/String;Ljava/lang/String;Z)V @ 34 c2
Event: 27.077 Thread 0x0000024b46501980 DEOPT PACKING pc=0x0000024b35a58784 sp=0x000000b18a9fe4c0
Event: 27.077 Thread 0x0000024b46501980 DEOPT UNPACKING pc=0x0000024b3527a5a3 sp=0x000000b18a9fe4f0 mode 2
Event: 27.234 Thread 0x0000024b46501980 DEOPT PACKING pc=0x0000024b2de1e684 sp=0x000000b18a9fe380
Event: 27.234 Thread 0x0000024b46501980 DEOPT UNPACKING pc=0x0000024b3527b0e3 sp=0x000000b18a9fd808 mode 0
Event: 27.467 Thread 0x0000024b46501980 Uncommon trap: trap_request=0xffffff45 fr.pc=0x0000024b3594775c relative=0x000000000000393c
Event: 27.467 Thread 0x0000024b46501980 Uncommon trap: reason=unstable_if action=reinterpret pc=0x0000024b3594775c method=org.objectweb.asm.ClassReader.readMethod(Lorg/objectweb/asm/ClassVisitor;Lorg/objectweb/asm/Context;I)I @ 382 c2
Event: 27.467 Thread 0x0000024b46501980 DEOPT PACKING pc=0x0000024b3594775c sp=0x000000b18a9fe760
Event: 27.467 Thread 0x0000024b46501980 DEOPT UNPACKING pc=0x0000024b3527a5a3 sp=0x000000b18a9fe6e8 mode 2

Classes loaded (20 events):
Event: 21.716 Loading class com/sun/beans/finder/MethodFinder$1
Event: 21.716 Loading class com/sun/beans/finder/MethodFinder$1 done
Event: 21.716 Loading class com/sun/beans/finder/FinderUtils
Event: 21.716 Loading class com/sun/beans/finder/FinderUtils done
Event: 22.034 Loading class java/util/Collections$ReverseComparator
Event: 22.034 Loading class java/util/Collections$ReverseComparator done
Event: 22.034 Loading class java/util/Comparators$NaturalOrderComparator
Event: 22.034 Loading class java/util/Comparators$NaturalOrderComparator done
Event: 22.035 Loading class java/util/Collections$ReverseComparator2
Event: 22.035 Loading class java/util/Collections$ReverseComparator2 done
Event: 22.087 Loading class java/io/DeleteOnExitHook
Event: 22.087 Loading class java/io/DeleteOnExitHook done
Event: 22.087 Loading class java/io/DeleteOnExitHook$1
Event: 22.087 Loading class java/io/DeleteOnExitHook$1 done
Event: 22.141 Loading class java/util/zip/ZipFile$ZipEntryIterator
Event: 22.141 Loading class java/util/zip/ZipFile$ZipEntryIterator done
Event: 23.192 Loading class java/util/concurrent/LinkedBlockingDeque$Itr
Event: 23.196 Loading class java/util/concurrent/LinkedBlockingDeque$AbstractItr
Event: 23.197 Loading class java/util/concurrent/LinkedBlockingDeque$AbstractItr done
Event: 23.197 Loading class java/util/concurrent/LinkedBlockingDeque$Itr done

Classes unloaded (0 events):
No events

Classes redefined (0 events):
No events

Internal exceptions (20 events):
Event: 21.796 Thread 0x0000024b465f4f50 Exception <a 'java/lang/NoSuchMethodError'{0x00000000ef9e2630}: 'java.lang.Object java.lang.invoke.DirectMethodHandle$Holder.newInvokeSpecial(java.lang.Object, java.lang.Object, java.lang.Object, java.lang.Object, java.lang.Object, java.lang.Object, java.lang.Object, java.lang.Object, java.lang.Object, java.lang.Object, java.lang.Object, java.lang.Object, java.lang.Object)'> (0x00000000ef9e2630) 
thrown [s\open\src\hotspot\share\interpreter\linkResolver.cpp, line 774]
Event: 21.821 Thread 0x0000024b465f4f50 Exception <a 'java/lang/NoSuchMethodError'{0x00000000ef7f8c00}: 'java.lang.Object java.lang.invoke.DirectMethodHandle$Holder.newInvokeSpecial(java.lang.Object, java.lang.Object, java.lang.Object, java.lang.Object, java.lang.Object, java.lang.Object, java.lang.Object, java.lang.Object, java.lang.Object, java.lang.Object, java.lang.Object, java.lang.Object, java.lang.Object, java.lang.Object, java.lang.Object, java.lang.Object, java.lang.Object, java.lang.Object, java.lang.Object, java.lang.Object, java.lang
Event: 21.859 Thread 0x0000024b465f4f50 Implicit null exception at 0x0000024b3599ad6c to 0x0000024b3599ae14
Event: 21.867 Thread 0x0000024b465f4f50 Exception <a 'java/lang/ClassNotFoundException'{0x00000000ef346270}: org/gradle/api/internal/artifacts/dsl/dependencies/DefaultDependencyHandler_DecoratedBeanInfo> (0x00000000ef346270) 
thrown [s\open\src\hotspot\share\classfile\systemDictionary.cpp, line 255]
Event: 21.867 Thread 0x0000024b465f4f50 Exception <a 'java/lang/ClassNotFoundException'{0x00000000ef358938}: org/gradle/api/internal/artifacts/dsl/dependencies/DefaultDependencyHandlerBeanInfo> (0x00000000ef358938) 
thrown [s\open\src\hotspot\share\classfile\systemDictionary.cpp, line 255]
Event: 21.868 Thread 0x0000024b465f4f50 Exception <a 'java/lang/ClassNotFoundException'{0x00000000ef36afc0}: org/gradle/api/internal/artifacts/dsl/dependencies/DefaultDependencyHandlerCustomizer> (0x00000000ef36afc0) 
thrown [s\open\src\hotspot\share\classfile\systemDictionary.cpp, line 255]
Event: 21.873 Thread 0x0000024b465f4f50 Exception <a 'java/lang/ClassNotFoundException'{0x00000000ef3ce7b8}: org/gradle/api/internal/artifacts/dsl/dependencies/DefaultDependencyHandler_DecoratedCustomizer> (0x00000000ef3ce7b8) 
thrown [s\open\src\hotspot\share\classfile\systemDictionary.cpp, line 255]
Event: 21.876 Thread 0x0000024b465f4f50 Exception <a 'java/lang/ClassNotFoundException'{0x00000000ef20fcd8}: sync_studio_tooling_4e8zno85x2sfhw2j82yp1nol9$_run_closure1BeanInfo> (0x00000000ef20fcd8) 
thrown [s\open\src\hotspot\share\classfile\systemDictionary.cpp, line 255]
Event: 21.876 Thread 0x0000024b465f4f50 Exception <a 'java/lang/ClassNotFoundException'{0x00000000ef216df8}: sync_studio_tooling_4e8zno85x2sfhw2j82yp1nol9$_run_closure1Customizer> (0x00000000ef216df8) 
thrown [s\open\src\hotspot\share\classfile\systemDictionary.cpp, line 255]
Event: 21.947 Thread 0x0000024b465f4f50 Exception <a 'java/lang/NoSuchMethodError'{0x00000000ef0ff508}: 'java.lang.Object java.lang.invoke.DirectMethodHandle$Holder.newInvokeSpecial(java.lang.Object, int, java.lang.Object)'> (0x00000000ef0ff508) 
thrown [s\open\src\hotspot\share\interpreter\linkResolver.cpp, line 774]
Event: 22.035 Thread 0x0000024b465f4f50 Exception <a 'java/lang/IncompatibleClassChangeError'{0x00000000eeb4d4f0}: Found class java.lang.Object, but interface was expected> (0x00000000eeb4d4f0) 
thrown [s\open\src\hotspot\share\interpreter\linkResolver.cpp, line 841]
Event: 22.036 Thread 0x0000024b465f4f50 Exception <a 'java/lang/NoSuchMethodError'{0x00000000eeb55210}: 'int java.lang.invoke.DirectMethodHandle$Holder.invokeSpecialIFC(java.lang.Object, java.lang.Object, java.lang.Object, java.lang.Object, java.lang.Object)'> (0x00000000eeb55210) 
thrown [s\open\src\hotspot\share\interpreter\linkResolver.cpp, line 774]
Event: 22.134 Thread 0x0000024b465f4f50 Exception <a 'java/lang/NoSuchMethodError'{0x00000000ee7f48b8}: 'int java.lang.invoke.DirectMethodHandle$Holder.invokeStatic(java.lang.Object)'> (0x00000000ee7f48b8) 
thrown [s\open\src\hotspot\share\interpreter\linkResolver.cpp, line 774]
Event: 22.135 Thread 0x0000024b465f4f50 Exception <a 'java/lang/NoSuchMethodError'{0x00000000ee7f8cd8}: 'int java.lang.invoke.DirectMethodHandle$Holder.invokeStaticInit(java.lang.Object)'> (0x00000000ee7f8cd8) 
thrown [s\open\src\hotspot\share\interpreter\linkResolver.cpp, line 774]
Event: 22.142 Thread 0x0000024b46503eb0 Implicit null exception at 0x0000024b35976c9c to 0x0000024b3597771c
Event: 22.144 Thread 0x0000024b46503eb0 Exception <a 'sun/nio/fs/WindowsException'{0x00000000ee697158}> (0x00000000ee697158) 
thrown [s\open\src\hotspot\share\prims\jni.cpp, line 517]
Event: 22.184 Thread 0x0000024b46501980 Exception <a 'sun/nio/fs/WindowsException'{0x00000000ee1e7700}> (0x00000000ee1e7700) 
thrown [s\open\src\hotspot\share\prims\jni.cpp, line 517]
Event: 22.235 Thread 0x0000024b46503eb0 Implicit null exception at 0x0000024b35a21f3f to 0x0000024b35a222f3
Event: 22.242 Thread 0x0000024b46503eb0 Exception <a 'sun/nio/fs/WindowsException'{0x00000000ede7a550}> (0x00000000ede7a550) 
thrown [s\open\src\hotspot\share\prims\jni.cpp, line 517]
Event: 22.249 Thread 0x0000024b46503eb0 Exception <a 'sun/nio/fs/WindowsException'{0x00000000ede7a700}> (0x00000000ede7a700) 
thrown [s\open\src\hotspot\share\prims\jni.cpp, line 517]

VM Operations (20 events):
Event: 23.170 Executing VM operation: HandshakeAllThreads
Event: 23.171 Executing VM operation: HandshakeAllThreads done
Event: 23.188 Executing VM operation: HandshakeAllThreads
Event: 23.188 Executing VM operation: HandshakeAllThreads done
Event: 23.194 Executing VM operation: G1CollectForAllocation
Event: 23.232 Executing VM operation: G1CollectForAllocation done
Event: 23.238 Executing VM operation: HandshakeAllThreads
Event: 23.239 Executing VM operation: HandshakeAllThreads done
Event: 24.246 Executing VM operation: Cleanup
Event: 24.246 Executing VM operation: Cleanup done
Event: 24.850 Executing VM operation: G1CollectForAllocation
Event: 24.855 Executing VM operation: G1CollectForAllocation done
Event: 25.859 Executing VM operation: Cleanup
Event: 25.859 Executing VM operation: Cleanup done
Event: 25.859 Executing VM operation: G1CollectForAllocation
Event: 25.871 Executing VM operation: G1CollectForAllocation done
Event: 26.871 Executing VM operation: Cleanup
Event: 26.875 Executing VM operation: Cleanup done
Event: 27.098 Executing VM operation: G1CollectForAllocation
Event: 27.105 Executing VM operation: G1CollectForAllocation done

Events (20 events):
Event: 23.228 Thread 0x0000024b40c3a520 flushing nmethod 0x0000024b2e642390
Event: 23.228 Thread 0x0000024b40c3a520 flushing nmethod 0x0000024b2e645910
Event: 23.228 Thread 0x0000024b40c3a520 flushing nmethod 0x0000024b2e647a90
Event: 23.228 Thread 0x0000024b40c3a520 flushing nmethod 0x0000024b2e649390
Event: 23.228 Thread 0x0000024b40c3a520 flushing nmethod 0x0000024b2e64d710
Event: 23.228 Thread 0x0000024b40c3a520 flushing nmethod 0x0000024b2e64df90
Event: 23.228 Thread 0x0000024b40c3a520 flushing nmethod 0x0000024b2e652b90
Event: 23.228 Thread 0x0000024b40c3a520 flushing nmethod 0x0000024b2e654190
Event: 23.228 Thread 0x0000024b40c3a520 flushing nmethod 0x0000024b2e656e10
Event: 23.228 Thread 0x0000024b40c3a520 flushing nmethod 0x0000024b2e657a10
Event: 23.228 Thread 0x0000024b40c3a520 flushing nmethod 0x0000024b2e658490
Event: 23.228 Thread 0x0000024b40c3a520 flushing nmethod 0x0000024b2e65aa90
Event: 23.228 Thread 0x0000024b40c3a520 flushing nmethod 0x0000024b2e660710
Event: 23.228 Thread 0x0000024b40c3a520 flushing nmethod 0x0000024b2e660b90
Event: 23.228 Thread 0x0000024b40c3a520 flushing nmethod 0x0000024b2e661190
Event: 23.228 Thread 0x0000024b40c3a520 flushing nmethod 0x0000024b2e663a90
Event: 23.228 Thread 0x0000024b40c3a520 flushing nmethod 0x0000024b2e66b390
Event: 23.228 Thread 0x0000024b40c3a520 flushing nmethod 0x0000024b2e66b810
Event: 23.228 Thread 0x0000024b40c3a520 flushing nmethod 0x0000024b2e6bc290
Event: 23.229 Thread 0x0000024b40c3a520 flushing nmethod 0x0000024b2e6f5e90


Dynamic libraries:
0x00007ff778570000 - 0x00007ff77857e000 	C:\Users\User\.jdks\openjdk-19.0.1\bin\java.exe
0x00007ffc4cc70000 - 0x00007ffc4ce66000 	C:\Windows\SYSTEM32\ntdll.dll
0x00007ffc34ec0000 - 0x00007ffc34ed9000 	C:\Program Files\Avast Software\Avast\aswhook.dll
0x00007ffc4b9a0000 - 0x00007ffc4ba5d000 	C:\Windows\System32\KERNEL32.DLL
0x00007ffc4a590000 - 0x00007ffc4a859000 	C:\Windows\System32\KERNELBASE.dll
0x00007ffc4abd0000 - 0x00007ffc4acd0000 	C:\Windows\System32\ucrtbase.dll
0x00007ffc37950000 - 0x00007ffc37967000 	C:\Users\User\.jdks\openjdk-19.0.1\bin\jli.dll
0x00007ffc4af00000 - 0x00007ffc4b0a0000 	C:\Windows\System32\USER32.dll
0x00007ffc4aba0000 - 0x00007ffc4abc2000 	C:\Windows\System32\win32u.dll
0x00007ffc4bce0000 - 0x00007ffc4bd0a000 	C:\Windows\System32\GDI32.dll
0x00007ffc4a860000 - 0x00007ffc4a96b000 	C:\Windows\System32\gdi32full.dll
0x00007ffc4a9f0000 - 0x00007ffc4aa8d000 	C:\Windows\System32\msvcp_win.dll
0x00007ffc34e80000 - 0x00007ffc34e9b000 	C:\Users\User\.jdks\openjdk-19.0.1\bin\VCRUNTIME140.dll
0x00007ffc354c0000 - 0x00007ffc3575b000 	C:\Windows\WinSxS\amd64_microsoft.windows.common-controls_6595b64144ccf1df_6.0.19041.746_none_ca02b4b61b8320a4\COMCTL32.dll
0x00007ffc4b150000 - 0x00007ffc4b1ee000 	C:\Windows\System32\msvcrt.dll
0x00007ffc4c1f0000 - 0x00007ffc4c220000 	C:\Windows\System32\IMM32.DLL
0x00007ffc37940000 - 0x00007ffc3794c000 	C:\Users\User\.jdks\openjdk-19.0.1\bin\vcruntime140_1.dll
0x00007ffc1e940000 - 0x00007ffc1e9ce000 	C:\Users\User\.jdks\openjdk-19.0.1\bin\msvcp140.dll
0x00007ffc05cc0000 - 0x00007ffc06980000 	C:\Users\User\.jdks\openjdk-19.0.1\bin\server\jvm.dll
0x00007ffc4cb80000 - 0x00007ffc4cc2c000 	C:\Windows\System32\ADVAPI32.dll
0x00007ffc4ae00000 - 0x00007ffc4ae9c000 	C:\Windows\System32\sechost.dll
0x00007ffc4b250000 - 0x00007ffc4b37b000 	C:\Windows\System32\RPCRT4.dll
0x00007ffc2eb50000 - 0x00007ffc2eb59000 	C:\Windows\SYSTEM32\WSOCK32.dll
0x00007ffc4ca40000 - 0x00007ffc4caab000 	C:\Windows\System32\WS2_32.dll
0x00007ffc328a0000 - 0x00007ffc328c7000 	C:\Windows\SYSTEM32\WINMM.dll
0x00007ffc3a4e0000 - 0x00007ffc3a4ea000 	C:\Windows\SYSTEM32\VERSION.dll
0x00007ffc48f30000 - 0x00007ffc48f42000 	C:\Windows\SYSTEM32\kernel.appcore.dll
0x00007ffc36ca0000 - 0x00007ffc36caa000 	C:\Users\User\.jdks\openjdk-19.0.1\bin\jimage.dll
0x00007ffc489d0000 - 0x00007ffc48bb4000 	C:\Windows\SYSTEM32\DBGHELP.DLL
0x00007ffc398a0000 - 0x00007ffc398cc000 	C:\Windows\SYSTEM32\dbgcore.DLL
0x00007ffc4a970000 - 0x00007ffc4a9f0000 	C:\Windows\System32\bcryptPrimitives.dll
0x00007ffc2eab0000 - 0x00007ffc2ead6000 	C:\Users\User\.jdks\openjdk-19.0.1\bin\java.dll
0x00007ffc16240000 - 0x00007ffc16317000 	C:\Users\User\.jdks\openjdk-19.0.1\bin\jsvml.dll
0x00007ffc4c220000 - 0x00007ffc4c963000 	C:\Windows\System32\SHELL32.dll
0x00007ffc48180000 - 0x00007ffc4890f000 	C:\Windows\SYSTEM32\windows.storage.dll
0x00007ffc4be30000 - 0x00007ffc4c186000 	C:\Windows\System32\combase.dll
0x00007ffc49e10000 - 0x00007ffc49e3c000 	C:\Windows\SYSTEM32\Wldp.dll
0x00007ffc4bc20000 - 0x00007ffc4bcce000 	C:\Windows\System32\SHCORE.dll
0x00007ffc4c190000 - 0x00007ffc4c1e5000 	C:\Windows\System32\shlwapi.dll
0x00007ffc4a2e0000 - 0x00007ffc4a306000 	C:\Windows\SYSTEM32\profapi.dll
0x00007ffc34c20000 - 0x00007ffc34c33000 	C:\Users\User\.jdks\openjdk-19.0.1\bin\net.dll
0x00007ffc44c60000 - 0x00007ffc44d60000 	C:\Windows\SYSTEM32\WINHTTP.dll
0x00007ffc49b90000 - 0x00007ffc49bfa000 	C:\Windows\system32\mswsock.dll
0x00007ffc2eb60000 - 0x00007ffc2eb76000 	C:\Users\User\.jdks\openjdk-19.0.1\bin\nio.dll
0x00007ffc27ff0000 - 0x00007ffc28008000 	C:\Users\User\.jdks\openjdk-19.0.1\bin\zip.dll
0x00007ffc35960000 - 0x00007ffc35970000 	C:\Users\User\.jdks\openjdk-19.0.1\bin\verify.dll
0x00007ffc37970000 - 0x00007ffc37997000 	C:\Users\User\.gradle\native\e1d6ef7f7dcc3fd88c89a11ec53ec762bb8ba0a96d01ffa2cd45eb1d1d8dd5c5\windows-amd64\native-platform.dll
0x00007ffc12c10000 - 0x00007ffc12d54000 	C:\Users\User\.gradle\native\0d407fdbe67a94daf76414ababcb853783967236a71b16ec16e742cd7a986fd3\windows-amd64\native-platform-file-events.dll
0x00007ffc35760000 - 0x00007ffc3576a000 	C:\Users\User\.jdks\openjdk-19.0.1\bin\management.dll
0x00007ffc35430000 - 0x00007ffc3543b000 	C:\Users\User\.jdks\openjdk-19.0.1\bin\management_ext.dll
0x00007ffc4cb60000 - 0x00007ffc4cb68000 	C:\Windows\System32\PSAPI.DLL
0x00007ffc49d60000 - 0x00007ffc49d78000 	C:\Windows\SYSTEM32\CRYPTSP.dll
0x00007ffc494c0000 - 0x00007ffc494f4000 	C:\Windows\system32\rsaenh.dll
0x00007ffc4a560000 - 0x00007ffc4a587000 	C:\Windows\System32\bcrypt.dll
0x00007ffc4a260000 - 0x00007ffc4a28e000 	C:\Windows\SYSTEM32\USERENV.dll
0x00007ffc49d80000 - 0x00007ffc49d8c000 	C:\Windows\SYSTEM32\CRYPTBASE.dll
0x00007ffc49830000 - 0x00007ffc4986b000 	C:\Windows\SYSTEM32\IPHLPAPI.DLL
0x00007ffc4cb70000 - 0x00007ffc4cb78000 	C:\Windows\System32\NSI.dll
0x00007ffc3a460000 - 0x00007ffc3a477000 	C:\Windows\SYSTEM32\dhcpcsvc6.DLL
0x00007ffc3ace0000 - 0x00007ffc3acfd000 	C:\Windows\SYSTEM32\dhcpcsvc.DLL
0x00007ffc49870000 - 0x00007ffc4993b000 	C:\Windows\SYSTEM32\DNSAPI.dll
0x00007ffc34ee0000 - 0x00007ffc34ee8000 	C:\Users\User\.jdks\openjdk-19.0.1\bin\extnet.dll
0x00007ffc34d80000 - 0x00007ffc34d8e000 	C:\Users\User\.jdks\openjdk-19.0.1\bin\sunmscapi.dll
0x00007ffc4a400000 - 0x00007ffc4a556000 	C:\Windows\System32\CRYPT32.dll
0x00007ffc49e80000 - 0x00007ffc49ea7000 	C:\Windows\SYSTEM32\ncrypt.dll
0x00007ffc49e40000 - 0x00007ffc49e7b000 	C:\Windows\SYSTEM32\NTASN1.dll
0x00007ffc37820000 - 0x00007ffc37827000 	C:\Windows\system32\wshunix.dll
0x00007ffc490f0000 - 0x00007ffc49123000 	C:\Windows\SYSTEM32\ntmarta.dll

dbghelp: loaded successfully - version: 4.0.5 - missing functions: none
symbol engine: initialized successfully - sym options: 0x614 - pdb path: .;C:\Users\User\.jdks\openjdk-19.0.1\bin;C:\Windows\SYSTEM32;C:\Program Files\Avast Software\Avast;C:\Windows\WinSxS\amd64_microsoft.windows.common-controls_6595b64144ccf1df_6.0.19041.746_none_ca02b4b61b8320a4;C:\Users\User\.jdks\openjdk-19.0.1\bin\server;C:\Users\User\.gradle\native\e1d6ef7f7dcc3fd88c89a11ec53ec762bb8ba0a96d01ffa2cd45eb1d1d8dd5c5\windows-amd64;C:\Users\User\.gradle\native\0d407fdbe67a94daf76414ababcb853783967236a71b16ec16e742cd7a986fd3\windows-amd64

VM Arguments:
jvm_args: --add-opens=java.base/java.util=ALL-UNNAMED --add-opens=java.base/java.lang=ALL-UNNAMED --add-opens=java.base/java.lang.invoke=ALL-UNNAMED --add-opens=java.base/java.util=ALL-UNNAMED --add-opens=java.prefs/java.util.prefs=ALL-UNNAMED --add-opens=java.prefs/java.util.prefs=ALL-UNNAMED --add-opens=java.base/java.nio.charset=ALL-UNNAMED --add-opens=java.base/java.net=ALL-UNNAMED --add-opens=java.base/java.util.concurrent.atomic=ALL-UNNAMED -XX:MaxMetaspaceSize=256m -XX:+HeapDumpOnOutOfMemoryError -Xms256m -Xmx512m -Dfile.encoding=windows-1251 -Duser.country=RU -Duser.language=ru -Duser.variant 
java_command: org.gradle.launcher.daemon.bootstrap.GradleDaemon 7.5.1
java_class_path (initial): C:\Users\User\.gradle\wrapper\dists\gradle-7.5.1-bin\7jzzequgds1hbszbhq3npc5ng\gradle-7.5.1\lib\gradle-launcher-7.5.1.jar
Launcher Type: SUN_STANDARD

[Global flags]
     intx CICompilerCount                          = 3                                         {product} {ergonomic}
   size_t CompressedClassSpaceSize                 = 218103808                                 {product} {ergonomic}
     uint ConcGCThreads                            = 1                                         {product} {ergonomic}
     uint G1ConcRefinementThreads                  = 4                                         {product} {ergonomic}
   size_t G1HeapRegionSize                         = 1048576                                   {product} {ergonomic}
    uintx GCDrainStackTargetSize                   = 64                                        {product} {ergonomic}
     bool HeapDumpOnOutOfMemoryError               = true                                   {manageable} {command line}
   size_t InitialHeapSize                          = 268435456                                 {product} {command line}
   size_t MarkStackSize                            = 4194304                                   {product} {ergonomic}
   size_t MaxHeapSize                              = 536870912                                 {product} {command line}
   size_t MaxMetaspaceSize                         = 268435456                                 {product} {command line}
   size_t MaxNewSize                               = 321912832                                 {product} {ergonomic}
   size_t MinHeapDeltaBytes                        = 1048576                                   {product} {ergonomic}
   size_t MinHeapSize                              = 268435456                                 {product} {command line}
    uintx NonNMethodCodeHeapSize                   = 5832780                                {pd product} {ergonomic}
    uintx NonProfiledCodeHeapSize                  = 122912730                              {pd product} {ergonomic}
    uintx ProfiledCodeHeapSize                     = 122912730                              {pd product} {ergonomic}
    uintx ReservedCodeCacheSize                    = 251658240                              {pd product} {ergonomic}
     bool SegmentedCodeCache                       = true                                      {product} {ergonomic}
   size_t SoftMaxHeapSize                          = 536870912                              {manageable} {ergonomic}
     bool UseCompressedClassPointers               = true                           {product lp64_product} {ergonomic}
     bool UseCompressedOops                        = true                           {product lp64_product} {ergonomic}
     bool UseG1GC                                  = true                                      {product} {ergonomic}
     bool UseLargePagesIndividualAllocation        = false                                  {pd product} {ergonomic}

Logging:
Log output configuration:
 #0: stdout all=warning uptime,level,tags foldmultilines=false
 #1: stderr all=off uptime,level,tags foldmultilines=false

Environment Variables:
PATH=C:\Windows\system32;C:\Windows;C:\Windows\System32\Wbem;C:\Windows\System32\WindowsPowerShell\v1.0\;C:\Windows\System32\OpenSSH\;C:\Program Files (x86)\NVIDIA Corporation\PhysX\Common;C:\Program Files\Git\cmd;C:\Program Files\nodejs\;C:\Users\User\AppData\Local\Microsoft\WindowsApps;;C:\Program Files\JetBrains\IntelliJ IDEA Community Edition 2022.3.1\bin;;C:\Users\User\AppData\Local\Programs\Microsoft VS Code\bin;C:\Users\User\AppData\Roaming\npm
USERNAME=User
OS=Windows_NT
PROCESSOR_IDENTIFIER=Intel64 Family 6 Model 140 Stepping 1, GenuineIntel
TMP=C:\Users\User\AppData\Local\Temp
TEMP=C:\Users\User\AppData\Local\Temp



---------------  S Y S T E M  ---------------

OS:
 Windows 10 , 64 bit Build 19041 (10.0.19041.662)
OS uptime: 15 days 23:50 hours

CPU: total 4 (initial active 4) (2 cores per cpu, 2 threads per core) family 6 model 140 stepping 1 microcode 0x60, cx8, cmov, fxsr, ht, mmx, 3dnowpref, sse, sse2, sse3, ssse3, sse4.1, sse4.2, popcnt, lzcnt, tsc, tscinvbit, avx, avx2, aes, erms, clmul, bmi1, bmi2, adx, avx512f, avx512dq, avx512cd, avx512bw, avx512vl, sha, fma, vzeroupper, avx512_vpopcntdq, avx512_vpclmulqdq, avx512_vaes, avx512_vnni, clflush, clflushopt, clwb, avx512_vbmi2, avx512_vbmi, rdtscp, rdpid, fsrm, gfni, avx512_bitalg

Memory: 4k page, system-wide physical 7991M (384M free)
TotalPageFile size 17912M (AvailPageFile size 4M)
current process WorkingSet (physical memory assigned to process): 396M, peak: 421M
current process commit charge ("private bytes"): 493M, peak: 503M

vm_info: OpenJDK 64-Bit Server VM (19.0.1+10-21) for windows-amd64 JRE (19.0.1+10-21), built on 2022-09-14T12:45:06Z by "mach5one" with MS VC++ 17.1 (VS2022)

END.
